123 [19596] INFO perfrun.launcher <> - Launcher main begin
131 [19596] INFO perfrun.launcher <> - MessageCatalogInit finished
131 [19596] INFO perfrun.launcher <> - Launcher instance created
131 [19596] INFO perfrun.launcher <> - argc = 7; cmdline = C:\Program Files (x86)\Intel\oneAPI\vtune\latest\bin64\amplxe-runss.exe --ui-output-format xml --ui-output-fd 1476 --option-file C:\Users\manorz\OneDrive - NVIDIA Corporation\Desktop\Shared-Memory Parallelism CPUs GPUs and in-between 236606\cs236606\HW1\HW1\problem5\VTune\r001tr\config\runss.options 
148 [19596] INFO perfrun.launcher <> - New signal handler callback was added
215 [19596] INFO perfrun.launcher <> - create msngr2::ICliToolContext
216 [19596] INFO perfrun.launcher <> - create file finder object
216 [19596] INFO perfrun.launcher <> - create a result directory: pattern = C:\Users\manorz\OneDrive - NVIDIA Corporation\Desktop\Shared-Memory Parallelism CPUs GPUs and in-between 236606\cs236606\HW1\HW1\problem5\VTune\r001tr pid = 4294967295
222 [19596] INFO perfrun.launcher <> - create data directory = C:\Users\manorz\OneDrive - NVIDIA Corporation\Desktop\Shared-Memory Parallelism CPUs GPUs and in-between 236606\cs236606\HW1\HW1\problem5\VTune\r001tr\data.0
225 [19596] INFO perfrun.launcher <> - Creating the master collection flag
243 [19596] INFO perfrun.launcher <> - Done creating the master collection flag
245 [14312] INFO perfrun.launcher <> - plugin [remoteplug] was disabled because it doesn't support the given collection type.
245 [14312] INFO perfrun.sdk <> - Allocating TMU :C:\Users\manorz\OneDrive - NVIDIA Corporation\Desktop\Shared-Memory Parallelism CPUs GPUs and in-between 236606\cs236606\HW1\HW1\problem5\VTune\r001tr\data.0\systemcollector-18676-NV-6CV77D3.sc
246 [14312] INFO perfrun.launcher <> - plugin [] was disabled because it doesn't support the given collection type.
249 [14312] INFO perfrun.launcher <> - plugin [] was disabled because it doesn't support the given collection type.
249 [14312] INFO perfrun.launcher <> - plugin [gpu] was disabled because it doesn't support the given collection type.
249 [14312] INFO perfrun.launcher <> - plugin [etw.kernel] was disabled because it doesn't support the given collection type.
249 [14312] INFO perfrun.launcher <> - plugin [etw.dx] was disabled because it doesn't support the given collection type.
249 [14312] INFO perfrun.launcher <> - plugin [etw.wsa] was disabled because it doesn't support the given collection type.
249 [14312] INFO perfrun.mrte <> - system-wide mode is 0
250 [14312] INFO perfrun.mrte <> - Getting  mrte profiling environment ...
296 [14312] INFO perfrun.mrte <> - INTEL_MRTE_DATA_DIR=C:\Users\manorz\OneDrive - NVIDIA Corporation\Desktop\Shared-Memory Parallelism CPUs GPUs and in-between 236606\cs236606\HW1\HW1\problem5\VTune\r001tr\data.0
296 [14312] INFO perfrun.mrte <> - INTEL_MRTE_HOST_NAME=NV-6CV77D3
296 [14312] INFO perfrun.mrte <> - JAVA_TOOL_OPTIONS=-agentlib:amplxe_tpssmrte_javaprof_1.0
296 [14312] INFO perfrun.mrte <> - PATH=C:\Program Files (x86)\Intel\oneAPI\vtune\latest\bin32\runtime;C:\Program Files (x86)\Intel\oneAPI\vtune\latest\bin64\runtime;C:\Program Files (x86)\Intel\oneAPI\tbb\latest\redist\intel64\vc_mt\;C:\Program Files (x86)\Intel\oneAPI\tbb\latest\redist\ia32\vc_mt\;C:\Program Files (x86)\Intel\oneAPI\compiler\latest\windows\redist\intel64_win\compiler;C:\Program Files (x86)\Intel\oneAPI\compiler\latest\windows\redist\ia32_win\compiler;C:\Windows\system32;C:\Windows;C:\Windows\System32\Wbem;C:\Windows\System32\WindowsPowerShell\v1.0\;C:\Windows\System32\OpenSSH\;C:\Program Files (x86)\Pulse Secure\VC142.CRT\X64\;C:\Program Files (x86)\Pulse Secure\VC142.CRT\X86\;C:\Program Files\PuTTY\;C:\Program Files (x86)\Common Files\Pulse Secure\TNC Client Plugin\;C:\Program Files\Git\cmd;C:\Program Files\Graphviz\bin;C:\Program Files\MATLAB\R2022b\bin;C:\Users\manorz\AppData\Local\Microsoft\WindowsApps;C:\msys64\mingw64\bin;;C:\Users\manorz\AppData\Local\Programs\Microsoft VS Code\bin
296 [14312] INFO perfrun.mrte <> - COR_ENABLE_PROFILING=1
296 [14312] INFO perfrun.mrte <> - COR_PROFILER={AA5E4821-E3B1-479c-B7FF-5AD047D22CED}
296 [14312] INFO perfrun.mrte <> - COMPLUS_ProfAPI_ProfilerCompatibilitySetting=EnableV2Profiler
296 [14312] INFO perfrun.mrte <> - CORECLR_ENABLE_PROFILING=1
296 [14312] INFO perfrun.mrte <> - CORECLR_PROFILER={AA5E4821-E3B1-479c-B7FF-5AD047D22CED}
296 [14312] INFO perfrun.mrte <> - CORECLR_PROFILER_PATH=C:\Program Files (x86)\Intel\oneAPI\vtune\latest\bin64/amplxe_samplingmrte_clrprof_1.0.dll
296 [14312] INFO perfrun.mrte <> - INTEL_MRTE_PROFILER_MODE=mixed
296 [14312] INFO perfrun.mrte <> - Data directory: C:\Users\manorz\OneDrive - NVIDIA Corporation\Desktop\Shared-Memory Parallelism CPUs GPUs and in-between 236606\cs236606\HW1\HW1\problem5\VTune\r001tr\data.0
296 [14312] INFO perfrun.mrte <> - Mrte plugin is initialized
296 [14312] INFO perfrun.launcher <> - plugin [emon] was disabled because it doesn't support the given collection type.
296 [14312] INFO perfrun.launcher <> - plugin [cuscol] was disabled because it doesn't support the given collection type.
296 [14312] INFO perfrun.launcher <> - plugin [stdsrc] was disabled because it doesn't support the given collection type.
296 [14312] INFO perfrun.launcher <> - plugin [sep] was disabled because it doesn't support the given collection type.
296 [14312] INFO perfrun.launcher <> - plugin [vtsspp] was disabled because it doesn't support the given collection type.
296 [14312] INFO perfrun.launcher <> - plugin [] was disabled because it doesn't support the given collection type.
296 [14312] INFO perfrun.launcher <> - plugin [aoclprofile] was disabled because it doesn't support the given collection type.
296 [14312] INFO perfrun.tpss <> - initialize tpss controller
296 [14312] INFO perfrun.tpss <> - configure collection mode: value = cpu:counters:nostack
296 [14312] INFO perfrun.tpss <> - configure collection mode: value = cpu:stack
296 [14312] INFO perfrun.tpss <> - configure collection mode: value = threading:stack
296 [14312] INFO perfrun.tpss <> - configure collection mode: value = waiting:stack
296 [14312] INFO perfrun.tpss <> - configure collection mode: value = io:stack
297 [14312] INFO perfrun.tpss <> - default obj-size-min=1024
297 [14312] INFO perfrun.tpss <> - default hash-table-size=0
297 [14312] INFO perfrun.launcher <> - plugin [] was disabled because it doesn't support the given collection type.
297 [14312] INFO perfrun.launcher <> - plugin [] was disabled because it doesn't support the given collection type.
297 [14312] INFO perfrun.launcher <> - plugin [] was disabled because it doesn't support the given collection type.
297 [14312] INFO perfrun.launcher <> - plugin [] was disabled because it doesn't support the given collection type.
297 [14312] INFO perfrun.launcher <> - plugin [power] was disabled because it doesn't support the given collection type.
297 [14312] INFO perfrun.launcher <> - plugin [hwloc] was disabled because it doesn't support the given collection type.
297 [14312] INFO perfrun.launcher <> - plugin [ipmwatch] was disabled because it doesn't support the given collection type.
297 [14312] INFO perfrun.launcher <> - plugin [os_counters] was disabled because it doesn't support the given collection type.
297 [14312] INFO perfrun.launcher <> - plugin [l0_metrics] was disabled because it doesn't support the given collection type.
297 [19596] INFO perfrun.launcher <> - set environment variable: PATH = C:\Program Files (x86)\Intel\oneAPI\vtune\latest\bin32\runtime;C:\Program Files (x86)\Intel\oneAPI\vtune\latest\bin64\runtime;C:\Program Files (x86)\Intel\oneAPI\tbb\latest\redist\intel64\vc_mt\;C:\Program Files (x86)\Intel\oneAPI\tbb\latest\redist\ia32\vc_mt\;C:\Program Files (x86)\Intel\oneAPI\compiler\latest\windows\redist\intel64_win\compiler;C:\Program Files (x86)\Intel\oneAPI\compiler\latest\windows\redist\ia32_win\compiler;C:\Windows\system32;C:\Windows;C:\Windows\System32\Wbem;C:\Windows\System32\WindowsPowerShell\v1.0\;C:\Windows\System32\OpenSSH\;C:\Program Files (x86)\Pulse Secure\VC142.CRT\X64\;C:\Program Files (x86)\Pulse Secure\VC142.CRT\X86\;C:\Program Files\PuTTY\;C:\Program Files (x86)\Common Files\Pulse Secure\TNC Client Plugin\;C:\Program Files\Git\cmd;C:\Program Files\Graphviz\bin;C:\Program Files\MATLAB\R2022b\bin;C:\Users\manorz\AppData\Local\Microsoft\WindowsApps;C:\msys64\mingw64\bin;;C:\Users\manorz\AppData\Local\Programs\Microsoft VS Code\bin
297 [19596] INFO perfrun.launcher <> - set environment variable: INTEL_LIBITTNOTIFY32 = C:\Program Files (x86)\Intel\oneAPI\vtune\latest\bin32\runtime\ittnotify_collector.dll
297 [19596] INFO perfrun.launcher <> - set environment variable: INTEL_LIBITTNOTIFY64 = C:\Program Files (x86)\Intel\oneAPI\vtune\latest\bin64\runtime\ittnotify_collector.dll
297 [19596] INFO perfrun.launcher <> - set environment variable: INTEL_ITTNOTIFY_GROUPS = 
297 [19596] INFO perfrun.launcher <> - set environment variable: INTEL_JIT_PROFILER32 = C:\Program Files (x86)\Intel\oneAPI\vtune\latest\bin32\runtime\ittnotify_collector.dll
298 [19596] INFO perfrun.launcher <> - set environment variable: INTEL_JIT_PROFILER64 = C:\Program Files (x86)\Intel\oneAPI\vtune\latest\bin64\runtime\ittnotify_collector.dll
298 [19596] INFO perfrun.launcher <> - set environment variable: OMP_TOOL_LIBRARIES = C:\Program Files (x86)\Intel\oneAPI\vtune\latest\bin32\runtime\ittnotify_collector.dll;C:\Program Files (x86)\Intel\oneAPI\vtune\latest\bin64\runtime\ittnotify_collector.dll
298 [19596] INFO perfrun.launcher <> - set environment variable: ENABLE_JITPROFILING = 1
298 [19596] INFO perfrun.launcher <> - set environment variable: CL_CONFIG_USE_VTUNE = True
298 [19596] INFO perfrun.launcher <> - set environment variable: INTEL_MRTE_DATA_DIR = C:\Users\manorz\OneDrive - NVIDIA Corporation\Desktop\Shared-Memory Parallelism CPUs GPUs and in-between 236606\cs236606\HW1\HW1\problem5\VTune\r001tr\data.0
298 [19596] INFO perfrun.launcher <> - set environment variable: INTEL_MRTE_HOST_NAME = NV-6CV77D3
298 [19596] INFO perfrun.launcher <> - set environment variable: JAVA_TOOL_OPTIONS = -agentlib:amplxe_tpssmrte_javaprof_1.0
299 [19596] INFO perfrun.launcher <> - set environment variable: PATH = C:\Program Files (x86)\Intel\oneAPI\vtune\latest\bin32\runtime;C:\Program Files (x86)\Intel\oneAPI\vtune\latest\bin64\runtime;C:\Program Files (x86)\Intel\oneAPI\tbb\latest\redist\intel64\vc_mt\;C:\Program Files (x86)\Intel\oneAPI\tbb\latest\redist\ia32\vc_mt\;C:\Program Files (x86)\Intel\oneAPI\compiler\latest\windows\redist\intel64_win\compiler;C:\Program Files (x86)\Intel\oneAPI\compiler\latest\windows\redist\ia32_win\compiler;C:\Windows\system32;C:\Windows;C:\Windows\System32\Wbem;C:\Windows\System32\WindowsPowerShell\v1.0\;C:\Windows\System32\OpenSSH\;C:\Program Files (x86)\Pulse Secure\VC142.CRT\X64\;C:\Program Files (x86)\Pulse Secure\VC142.CRT\X86\;C:\Program Files\PuTTY\;C:\Program Files (x86)\Common Files\Pulse Secure\TNC Client Plugin\;C:\Program Files\Git\cmd;C:\Program Files\Graphviz\bin;C:\Program Files\MATLAB\R2022b\bin;C:\Users\manorz\AppData\Local\Microsoft\WindowsApps;C:\msys64\mingw64\bin;;C:\Users\manorz\AppData\Local\Programs\Microsoft VS Code\bin
299 [19596] INFO perfrun.launcher <> - set environment variable: COR_ENABLE_PROFILING = 1
299 [19596] INFO perfrun.launcher <> - set environment variable: COR_PROFILER = {AA5E4821-E3B1-479c-B7FF-5AD047D22CED}
299 [19596] INFO perfrun.launcher <> - set environment variable: COMPLUS_ProfAPI_ProfilerCompatibilitySetting = EnableV2Profiler
299 [19596] INFO perfrun.launcher <> - set environment variable: CORECLR_ENABLE_PROFILING = 1
299 [19596] INFO perfrun.launcher <> - set environment variable: CORECLR_PROFILER = {AA5E4821-E3B1-479c-B7FF-5AD047D22CED}
299 [19596] INFO perfrun.launcher <> - set environment variable: CORECLR_PROFILER_PATH = C:\Program Files (x86)\Intel\oneAPI\vtune\latest\bin64/amplxe_samplingmrte_clrprof_1.0.dll
299 [19596] INFO perfrun.launcher <> - set environment variable: INTEL_MRTE_PROFILER_MODE = mixed
299 [19596] INFO perfrun.launcher <> - RpcServer: run RPC server to handle requests
312 [19596] INFO perfrun.sdk <> - IProcessUtil: the given executable 'C:\Users\manorz\OneDrive - NVIDIA Corporation\Desktop\Shared-Memory Parallelism CPUs GPUs and in-between 236606\cs236606\HW1\HW1\problem5\bin\prime_parallel_static_schedule_04t.exe' is valid.
312 [19596] INFO perfrun.launcher <> - Launcher: command line to start before modification = C:\Users\manorz\OneDrive - NVIDIA Corporation\Desktop\Shared-Memory Parallelism CPUs GPUs and in-between 236606\cs236606\HW1\HW1\problem5\bin\prime_parallel_static_schedule_04t.exe
315 [19596] INFO perfrun.launcher <> - Launcher: command line to start after modification = C:\Program Files (x86)\Intel\oneAPI\vtune\2022.4.1\bin64\pin.exe -error_file C:\Users\manorz\OneDrive - NVIDIA Corporation\Desktop\Shared-Memory Parallelism CPUs GPUs and in-between 236606\cs236606\HW1\HW1\problem5\VTune\r001tr\data.0\pinerr.tpsslog -detach_reattach -probe -follow_execv -p32 C:\Program Files (x86)\Intel\oneAPI\vtune\latest\bin32\pin.exe -p64 C:\Program Files (x86)\Intel\oneAPI\vtune\latest\bin64\pin.exe -t64 C:\Program Files (x86)\Intel\oneAPI\vtune\latest\bin64\tpsstool.dll -t C:\Program Files (x86)\Intel\oneAPI\vtune\latest\bin32\tpsstool.dll -server_name tpss_ipc.18676 -prd_dir C:\Program Files (x86)\Intel\oneAPI\vtune\2022.4.1 -- C:\Users\manorz\OneDrive - NVIDIA Corporation\Desktop\Shared-Memory Parallelism CPUs GPUs and in-between 236606\cs236606\HW1\HW1\problem5\bin\prime_parallel_static_schedule_04t.exe
315 [19596] INFO perfrun.launcher <> - ProcessCreator object was created
327 [19596] INFO perfrun.launcher <> - Launcher: the process was started in suspend mode
327 [14312] INFO perfrun.itt <> - start itt controller for pid #25544
328 [14312] INFO perfrun.tpss <> - start tpss controller for pid #25544
387 [19596] INFO perfrun.launcher <> - Launcher: all plugins were started
388 [19596] INFO perfrun.launcher <> - DirectoryMonitor object was created
388 [19596] INFO perfrun.launcher <> - DirectoryMonitor: a callback was added
388 [19596] INFO perfrun.launcher <> - DirectoryMonitor was started with pingTime = 1000
388 [19596] INFO perfrun.launcher <> - DeadlineTimer is going to be constructed
389 [19596] INFO perfrun.launcher <> - DeadlineTimer: a callback was added
408 [19596] INFO perfrun.launcher <> - Launcher: resume the profiled application and  wait its termination or stop command
67764 [19596] INFO perfrun.launcher <> - Launcher: the profiled application was terminated  with exit code = 0
67780 [14312] INFO perfrun.itt <> - detach itt controller
67780 [14312] INFO perfrun.itt <> - detach itt controller done
67780 [14312] INFO perfrun.tpss <> - stop tpss controller
67781 [14312] INFO perfrun.sdk <> - De-allocating TMU: C:\Users\manorz\OneDrive - NVIDIA Corporation\Desktop\Shared-Memory Parallelism CPUs GPUs and in-between 236606\cs236606\HW1\HW1\problem5\VTune\r001tr\data.0\systemcollector-18676-NV-6CV77D3.sc
67796 [14312] INFO perfrun.system <> - closed the system trace file: C:\Users\manorz\OneDrive - NVIDIA Corporation\Desktop\Shared-Memory Parallelism CPUs GPUs and in-between 236606\cs236606\HW1\HW1\problem5\VTune\r001tr\data.0\systemcollector-18676-NV-6CV77D3.sc
67796 [19596] INFO perfrun.launcher <> - Launcher: all plugins were stopped.
67796 [19596] INFO perfrun.launcher <> - DeadlineTimer is going to be destroyed
67796 [19596] INFO perfrun.launcher <> - DeadlineTimer was destroyed
67797 [19596] INFO perfrun.launcher <> - DirectoryMonitor object was destroyed
67797 [19596] WARN perfrun.launcher <> - Stop command is ignored because it is received when collection is already stopped, at file: C:\BB\ANphep2w6r\b\tmpqbc4_m\vcs\perfrun1\launcher\src\command_handler.cpp:226
67798 [19596] INFO perfrun.launcher <> - Application exit code: 0
67798 [19596] INFO perfrun.launcher <> - Exit code: 0
