
3520472 : 0xd144a42ea2656 : 1 : spill_jit_data :  Jit agent is not initialized
3520455 : 0xd144a42ebad90 : 2 : ittapi_config_mask_get :  --itt-config mask to be applied: 55
3520455 : 0xd144a42ebcf73 : 2 : ittapi_config_apply_per_lib :  ITTAPI function instrumented: __itt_domain_create
3520455 : 0xd144a42ebdd85 : 2 : ittapi_config_apply_per_lib :  ITTAPI function instrumented: __itt_module_load_with_sections
3520455 : 0xd144a42ebeddf : 2 : ittapi_config_apply_per_lib :  ITTAPI function not implemented: __itt_module_unload_with_sections
3520455 : 0xd144a42ebfc6d : 2 : ittapi_config_apply_per_lib :  ITTAPI function instrumented: __itt_string_handle_create
3520455 : 0xd144a42ec099a : 2 : ittapi_config_apply_per_lib :  ITTAPI function instrumented: __itt_counter_create
3520455 : 0xd144a42ec14c7 : 2 : ittapi_config_apply_per_lib :  ITTAPI function instrumented: __itt_counter_create_typed
3520455 : 0xd144a42ec2101 : 2 : ittapi_config_apply_per_lib :  ITTAPI function instrumented: __itt_pause
3520455 : 0xd144a42ec2ca5 : 2 : ittapi_config_apply_per_lib :  ITTAPI function instrumented: __itt_resume
3520455 : 0xd144a42ed4b53 : 2 : ittapi_config_apply_per_lib :  ITTAPI function instrumented: __itt_thread_set_name
3520455 : 0xd144a42ed5983 : 2 : ittapi_config_apply_per_lib :  ITTAPI function instrumented: __itt_thread_ignore
3520455 : 0xd144a42ed65a3 : 2 : ittapi_config_apply_per_lib :  ITTAPI function instrumented: __itt_thr_name_set
3520455 : 0xd144a42ed71c8 : 2 : ittapi_config_apply_per_lib :  ITTAPI function instrumented: __itt_thr_ignore
3520455 : 0xd144a42ed7d3b : 2 : ittapi_config_apply_per_lib :  ITTAPI function instrumented: __itt_histogram_create
3520455 : 0xd144a42ed9665 : 2 : ittapi_config_apply_per_lib :  ITTAPI function not implemented: __itt_enable_attach
3520455 : 0xd144a42eda241 : 2 : ittapi_config_apply_per_lib :  ITTAPI function instrumented: __itt_detach
3520455 : 0xd144a42eda887 : 2 : ittapi_config_apply_per_lib :  ITTAPI function NOT instrumented (not matched by --itt-config option): __itt_sync_create

3520455 : 0xd144a42edaed0 : 2 : ittapi_config_apply_per_lib :  ITTAPI function NOT instrumented (not matched by --itt-config option): __itt_sync_rename

3520455 : 0xd144a42edb4dd : 2 : ittapi_config_apply_per_lib :  ITTAPI function NOT instrumented (not matched by --itt-config option): __itt_sync_destroy

3520455 : 0xd144a42ee261a : 2 : ittapi_config_apply_per_lib :  ITTAPI function NOT instrumented (not matched by --itt-config option): __itt_sync_prepare

3520455 : 0xd144a42ee2d65 : 2 : ittapi_config_apply_per_lib :  ITTAPI function NOT instrumented (not matched by --itt-config option): __itt_sync_cancel

3520455 : 0xd144a42ee3365 : 2 : ittapi_config_apply_per_lib :  ITTAPI function NOT instrumented (not matched by --itt-config option): __itt_sync_acquired

3520455 : 0xd144a42ee3915 : 2 : ittapi_config_apply_per_lib :  ITTAPI function NOT instrumented (not matched by --itt-config option): __itt_sync_releasing

3520455 : 0xd144a42ee4725 : 2 : ittapi_config_apply_per_lib :  ITTAPI function not implemented: __itt_suppress_push
3520455 : 0xd144a42ee542f : 2 : ittapi_config_apply_per_lib :  ITTAPI function not implemented: __itt_suppress_pop
3520455 : 0xd144a42ee600e : 2 : ittapi_config_apply_per_lib :  ITTAPI function not implemented: __itt_suppress_mark_range
3520455 : 0xd144a42ee6c8d : 2 : ittapi_config_apply_per_lib :  ITTAPI function not implemented: __itt_suppress_clear_range
3520455 : 0xd144a42ee7295 : 2 : ittapi_config_apply_per_lib :  ITTAPI function NOT instrumented (not matched by --itt-config option): __itt_sync_prepare

3520455 : 0xd144a42ee787a : 2 : ittapi_config_apply_per_lib :  ITTAPI function NOT instrumented (not matched by --itt-config option): __itt_sync_cancel

3520455 : 0xd144a42eedef7 : 2 : ittapi_config_apply_per_lib :  ITTAPI function NOT instrumented (not matched by --itt-config option): __itt_sync_acquired

3520455 : 0xd144a42eee594 : 2 : ittapi_config_apply_per_lib :  ITTAPI function NOT instrumented (not matched by --itt-config option): __itt_sync_releasing

3520455 : 0xd144a42eeebd6 : 2 : ittapi_config_apply_per_lib :  ITTAPI function NOT instrumented (not matched by --itt-config option): __itt_model_site_begin

3520455 : 0xd144a42eef1b5 : 2 : ittapi_config_apply_per_lib :  ITTAPI function NOT instrumented (not matched by --itt-config option): __itt_model_site_end

3520455 : 0xd144a42eef7cd : 2 : ittapi_config_apply_per_lib :  ITTAPI function NOT instrumented (not matched by --itt-config option): __itt_model_task_begin

3520455 : 0xd144a42eefdb6 : 2 : ittapi_config_apply_per_lib :  ITTAPI function NOT instrumented (not matched by --itt-config option): __itt_model_task_end

3520455 : 0xd144a42ef037e : 2 : ittapi_config_apply_per_lib :  ITTAPI function NOT instrumented (not matched by --itt-config option): __itt_model_lock_acquire

3520455 : 0xd144a42ef09cb : 2 : ittapi_config_apply_per_lib :  ITTAPI function NOT instrumented (not matched by --itt-config option): __itt_model_lock_release

3520455 : 0xd144a42ef0fc2 : 2 : ittapi_config_apply_per_lib :  ITTAPI function NOT instrumented (not matched by --itt-config option): __itt_model_record_allocation

3520455 : 0xd144a42ef1561 : 2 : ittapi_config_apply_per_lib :  ITTAPI function NOT instrumented (not matched by --itt-config option): __itt_model_record_deallocation

3520455 : 0xd144a42ef8b40 : 2 : ittapi_config_apply_per_lib :  ITTAPI function NOT instrumented (not matched by --itt-config option): __itt_model_induction_uses

3520455 : 0xd144a42ef9274 : 2 : ittapi_config_apply_per_lib :  ITTAPI function NOT instrumented (not matched by --itt-config option): __itt_model_reduction_uses

3520455 : 0xd144a42ef985d : 2 : ittapi_config_apply_per_lib :  ITTAPI function NOT instrumented (not matched by --itt-config option): __itt_model_observe_uses

3520455 : 0xd144a42ef9e85 : 2 : ittapi_config_apply_per_lib :  ITTAPI function NOT instrumented (not matched by --itt-config option): __itt_model_clear_uses

3520455 : 0xd144a42efa446 : 2 : ittapi_config_apply_per_lib :  ITTAPI function NOT instrumented (not matched by --itt-config option): __itt_model_site_beginA

3520455 : 0xd144a42efaa46 : 2 : ittapi_config_apply_per_lib :  ITTAPI function NOT instrumented (not matched by --itt-config option): __itt_model_site_beginAL

3520455 : 0xd144a42efb021 : 2 : ittapi_config_apply_per_lib :  ITTAPI function NOT instrumented (not matched by --itt-config option): __itt_model_task_beginA

3520455 : 0xd144a42efb5cf : 2 : ittapi_config_apply_per_lib :  ITTAPI function NOT instrumented (not matched by --itt-config option): __itt_model_task_beginAL

3520455 : 0xd144a42efbbc4 : 2 : ittapi_config_apply_per_lib :  ITTAPI function NOT instrumented (not matched by --itt-config option): __itt_model_iteration_taskA

3520455 : 0xd144a42efc15f : 2 : ittapi_config_apply_per_lib :  ITTAPI function NOT instrumented (not matched by --itt-config option): __itt_model_iteration_taskAL

3520455 : 0xd144a42f02842 : 2 : ittapi_config_apply_per_lib :  ITTAPI function NOT instrumented (not matched by --itt-config option): __itt_model_site_end_2

3520455 : 0xd144a42f02f4d : 2 : ittapi_config_apply_per_lib :  ITTAPI function NOT instrumented (not matched by --itt-config option): __itt_model_task_end_2

3520455 : 0xd144a42f034e3 : 2 : ittapi_config_apply_per_lib :  ITTAPI function NOT instrumented (not matched by --itt-config option): __itt_model_lock_acquire_2

3520455 : 0xd144a42f03ad3 : 2 : ittapi_config_apply_per_lib :  ITTAPI function NOT instrumented (not matched by --itt-config option): __itt_model_lock_release_2

3520455 : 0xd144a42f040c4 : 2 : ittapi_config_apply_per_lib :  ITTAPI function NOT instrumented (not matched by --itt-config option): __itt_model_aggregate_task

3520455 : 0xd144a42f0469e : 2 : ittapi_config_apply_per_lib :  ITTAPI function NOT instrumented (not matched by --itt-config option): __itt_model_disable_push

3520455 : 0xd144a42f04c6b : 2 : ittapi_config_apply_per_lib :  ITTAPI function NOT instrumented (not matched by --itt-config option): __itt_model_disable_pop

3520455 : 0xd144a42f05980 : 2 : ittapi_config_apply_per_lib :  ITTAPI function instrumented: __itt_heap_function_create
3520455 : 0xd144a42f0659e : 2 : ittapi_config_apply_per_lib :  ITTAPI function instrumented: __itt_heap_allocate_begin
3520455 : 0xd144a42f070dd : 2 : ittapi_config_apply_per_lib :  ITTAPI function instrumented: __itt_heap_allocate_end
3520455 : 0xd144a42f0ec0c : 2 : ittapi_config_apply_per_lib :  ITTAPI function instrumented: __itt_heap_free_begin
3520455 : 0xd144a42f0f881 : 2 : ittapi_config_apply_per_lib :  ITTAPI function instrumented: __itt_heap_free_end
3520455 : 0xd144a42f10433 : 2 : ittapi_config_apply_per_lib :  ITTAPI function instrumented: __itt_heap_reallocate_begin
3520455 : 0xd144a42f10f22 : 2 : ittapi_config_apply_per_lib :  ITTAPI function instrumented: __itt_heap_reallocate_end
3520455 : 0xd144a42f11bd7 : 2 : ittapi_config_apply_per_lib :  ITTAPI function not implemented: __itt_heap_internal_access_begin
3520455 : 0xd144a42f12845 : 2 : ittapi_config_apply_per_lib :  ITTAPI function not implemented: __itt_heap_internal_access_end
3520455 : 0xd144a42f1346d : 2 : ittapi_config_apply_per_lib :  ITTAPI function not implemented: __itt_heap_record_memory_growth_begin
3520455 : 0xd144a42f14072 : 2 : ittapi_config_apply_per_lib :  ITTAPI function not implemented: __itt_heap_record_memory_growth_end
3520455 : 0xd144a42f14cc7 : 2 : ittapi_config_apply_per_lib :  ITTAPI function not implemented: __itt_heap_reset_detection
3520455 : 0xd144a42f1595d : 2 : ittapi_config_apply_per_lib :  ITTAPI function not implemented: __itt_heap_record
3520455 : 0xd144a42f1caab : 2 : ittapi_config_apply_per_lib :  ITTAPI function not implemented: __itt_id_create
3520455 : 0xd144a42f1d809 : 2 : ittapi_config_apply_per_lib :  ITTAPI function not implemented: __itt_id_destroy
3520455 : 0xd144a42f1e38f : 2 : ittapi_config_apply_per_lib :  ITTAPI function instrumented: __itt_get_timestamp
3520455 : 0xd144a42f1efad : 2 : ittapi_config_apply_per_lib :  ITTAPI function not implemented: __itt_region_begin
3520455 : 0xd144a42f1fb48 : 2 : ittapi_config_apply_per_lib :  ITTAPI function not implemented: __itt_region_end
3520455 : 0xd144a42f206bf : 2 : ittapi_config_apply_per_lib :  ITTAPI function instrumented: __itt_frame_begin_v3
3520455 : 0xd144a42f212b1 : 2 : ittapi_config_apply_per_lib :  ITTAPI function instrumented: __itt_frame_end_v3
3520455 : 0xd144a42f21e02 : 2 : ittapi_config_apply_per_lib :  ITTAPI function instrumented: __itt_frame_submit_v3
3520455 : 0xd144a42f22a30 : 2 : ittapi_config_apply_per_lib :  ITTAPI function not implemented: __itt_task_group
3520455 : 0xd144a42f235c6 : 2 : ittapi_config_apply_per_lib :  ITTAPI function instrumented: __itt_task_begin
3520455 : 0xd144a42f2a54b : 2 : ittapi_config_apply_per_lib :  ITTAPI function instrumented: __itt_task_begin_fn
3520455 : 0xd144a42f2b22a : 2 : ittapi_config_apply_per_lib :  ITTAPI function instrumented: __itt_task_end
3520455 : 0xd144a42f2beb1 : 2 : ittapi_config_apply_per_lib :  ITTAPI function not implemented: __itt_counter_inc_v3
3520455 : 0xd144a42f2cb85 : 2 : ittapi_config_apply_per_lib :  ITTAPI function not implemented: __itt_counter_inc_delta_v3
3520455 : 0xd144a42f2d903 : 2 : ittapi_config_apply_per_lib :  ITTAPI function not implemented: __itt_counter_dec_v3
3520455 : 0xd144a42f2e4a8 : 2 : ittapi_config_apply_per_lib :  ITTAPI function not implemented: __itt_counter_dec_delta_v3
3520455 : 0xd144a42f2f073 : 2 : ittapi_config_apply_per_lib :  ITTAPI function not implemented: __itt_marker
3520455 : 0xd144a42f2fbf1 : 2 : ittapi_config_apply_per_lib :  ITTAPI function instrumented: __itt_metadata_add
3520455 : 0xd144a42f3081c : 2 : ittapi_config_apply_per_lib :  ITTAPI function not implemented: __itt_metadata_str_add
3520455 : 0xd144a42f31411 : 2 : ittapi_config_apply_per_lib :  ITTAPI function not implemented: __itt_relation_add_to_current
3520455 : 0xd144a42f38777 : 2 : ittapi_config_apply_per_lib :  ITTAPI function not implemented: __itt_relation_add
3520455 : 0xd144a42f393c3 : 2 : ittapi_config_apply_per_lib :  ITTAPI function instrumented: __itt_event_create
3520455 : 0xd144a42f39f4e : 2 : ittapi_config_apply_per_lib :  ITTAPI function instrumented: __itt_event_start
3520455 : 0xd144a42f3aab8 : 2 : ittapi_config_apply_per_lib :  ITTAPI function instrumented: __itt_event_end
3520455 : 0xd144a42f3b0ad : 2 : ittapi_config_apply_per_lib :  ITTAPI function NOT instrumented (not matched by --itt-config option): __itt_sync_set_name

3520455 : 0xd144a42f3b68a : 2 : ittapi_config_apply_per_lib :  ITTAPI function NOT instrumented (not matched by --itt-config option): __itt_notify_sync_name

3520455 : 0xd144a42f3bc86 : 2 : ittapi_config_apply_per_lib :  ITTAPI function NOT instrumented (not matched by --itt-config option): __itt_notify_sync_prepare

3520455 : 0xd144a42f3c252 : 2 : ittapi_config_apply_per_lib :  ITTAPI function NOT instrumented (not matched by --itt-config option): __itt_notify_sync_cancel

3520455 : 0xd144a42f3c844 : 2 : ittapi_config_apply_per_lib :  ITTAPI function NOT instrumented (not matched by --itt-config option): __itt_notify_sync_acquired

3520455 : 0xd144a42f3ce28 : 2 : ittapi_config_apply_per_lib :  ITTAPI function NOT instrumented (not matched by --itt-config option): __itt_notify_sync_releasing

3520455 : 0xd144a42f4486d : 2 : ittapi_config_apply_per_lib :  ITTAPI function not implemented: __itt_memory_read
3520455 : 0xd144a42f4553c : 2 : ittapi_config_apply_per_lib :  ITTAPI function not implemented: __itt_memory_write
3520455 : 0xd144a42f460e8 : 2 : ittapi_config_apply_per_lib :  ITTAPI function not implemented: __itt_memory_update
3520455 : 0xd144a42f46cff : 2 : ittapi_config_apply_per_lib :  ITTAPI function not implemented: __itt_state_get
3520455 : 0xd144a42f47868 : 2 : ittapi_config_apply_per_lib :  ITTAPI function not implemented: __itt_state_set
3520455 : 0xd144a42f483f7 : 2 : ittapi_config_apply_per_lib :  ITTAPI function not implemented: __itt_obj_mode_set
3520455 : 0xd144a42f48fa2 : 2 : ittapi_config_apply_per_lib :  ITTAPI function not implemented: __itt_thr_mode_set
3520455 : 0xd144a42f49b10 : 2 : ittapi_config_apply_per_lib :  ITTAPI function instrumented: __itt_frame_create
3520455 : 0xd144a42f4a62e : 2 : ittapi_config_apply_per_lib :  ITTAPI function instrumented: __itt_pt_region_create
3520455 : 0xd144a42f4b15c : 2 : ittapi_config_apply_per_lib :  ITTAPI function instrumented: __itt_frame_begin
3520455 : 0xd144a42f52257 : 2 : ittapi_config_apply_per_lib :  ITTAPI function instrumented: __itt_frame_end
3520455 : 0xd144a42f52fe6 : 2 : ittapi_config_apply_per_lib :  ITTAPI function not implemented: __itt_counter_destroy
3520455 : 0xd144a42f53b55 : 2 : ittapi_config_apply_per_lib :  ITTAPI function instrumented: __itt_counter_inc
3520455 : 0xd144a42f5475f : 2 : ittapi_config_apply_per_lib :  ITTAPI function instrumented: __itt_counter_inc_delta
3520455 : 0xd144a42f55299 : 2 : ittapi_config_apply_per_lib :  ITTAPI function instrumented: __itt_counter_dec
3520455 : 0xd144a42f55e73 : 2 : ittapi_config_apply_per_lib :  ITTAPI function instrumented: __itt_counter_dec_delta
3520455 : 0xd144a42f569ec : 2 : ittapi_config_apply_per_lib :  ITTAPI function instrumented: __itt_counter_set_value
3520455 : 0xd144a42f575d0 : 2 : ittapi_config_apply_per_lib :  ITTAPI function not implemented: __itt_counter_set_value_ex
3520455 : 0xd144a42f5818a : 2 : ittapi_config_apply_per_lib :  ITTAPI function not implemented: __itt_mark_create
3520455 : 0xd144a42f58d5d : 2 : ittapi_config_apply_per_lib :  ITTAPI function not implemented: __itt_mark
3520455 : 0xd144a42f5fe62 : 2 : ittapi_config_apply_per_lib :  ITTAPI function not implemented: __itt_mark_off
3520455 : 0xd144a42f60b16 : 2 : ittapi_config_apply_per_lib :  ITTAPI function not implemented: __itt_mark_global
3520455 : 0xd144a42f616ee : 2 : ittapi_config_apply_per_lib :  ITTAPI function not implemented: __itt_mark_global_off
3520455 : 0xd144a42f622d5 : 2 : ittapi_config_apply_per_lib :  ITTAPI function instrumented: __itt_stack_caller_create
3520455 : 0xd144a42f62e53 : 2 : ittapi_config_apply_per_lib :  ITTAPI function instrumented: __itt_stack_caller_destroy
3520455 : 0xd144a42f639d0 : 2 : ittapi_config_apply_per_lib :  ITTAPI function instrumented: __itt_stack_callee_enter
3520455 : 0xd144a42f64517 : 2 : ittapi_config_apply_per_lib :  ITTAPI function instrumented: __itt_stack_callee_leave
3520455 : 0xd144a42f650ed : 2 : ittapi_config_apply_per_lib :  ITTAPI function not implemented: __itt_clock_domain_create
3520455 : 0xd144a42f65cb6 : 2 : ittapi_config_apply_per_lib :  ITTAPI function not implemented: __itt_clock_domain_reset
3520455 : 0xd144a42f668b0 : 2 : ittapi_config_apply_per_lib :  ITTAPI function not implemented: __itt_id_create_ex
3520455 : 0xd144a42f6e4ea : 2 : ittapi_config_apply_per_lib :  ITTAPI function not implemented: __itt_id_destroy_ex
3520455 : 0xd144a42f6f1ea : 2 : ittapi_config_apply_per_lib :  ITTAPI function not implemented: __itt_task_begin_ex
3520455 : 0xd144a42f6fe0b : 2 : ittapi_config_apply_per_lib :  ITTAPI function not implemented: __itt_task_begin_fn_ex
3520455 : 0xd144a42f709b8 : 2 : ittapi_config_apply_per_lib :  ITTAPI function not implemented: __itt_task_end_ex
3520455 : 0xd144a42f7155c : 2 : ittapi_config_apply_per_lib :  ITTAPI function instrumented: __itt_task_begin_overlapped
3520455 : 0xd144a42f72156 : 2 : ittapi_config_apply_per_lib :  ITTAPI function not implemented: __itt_task_begin_overlapped_ex
3520455 : 0xd144a42f72c94 : 2 : ittapi_config_apply_per_lib :  ITTAPI function instrumented: __itt_task_end_overlapped
3520455 : 0xd144a42f738bd : 2 : ittapi_config_apply_per_lib :  ITTAPI function not implemented: __itt_task_end_overlapped_ex
3520455 : 0xd144a42f7448f : 2 : ittapi_config_apply_per_lib :  ITTAPI function not implemented: __itt_marker_ex
3520455 : 0xd144a42f75100 : 2 : ittapi_config_apply_per_lib :  ITTAPI function not implemented: __itt_metadata_add_with_scope
3520455 : 0xd144a42f7c74b : 2 : ittapi_config_apply_per_lib :  ITTAPI function not implemented: __itt_metadata_str_add_with_scope
3520455 : 0xd144a42f7d41a : 2 : ittapi_config_apply_per_lib :  ITTAPI function not implemented: __itt_relation_add_to_current_ex
3520455 : 0xd144a42f7e039 : 2 : ittapi_config_apply_per_lib :  ITTAPI function not implemented: __itt_relation_add_ex
3520455 : 0xd144a42f7ebe7 : 2 : ittapi_config_apply_per_lib :  ITTAPI function not implemented: __itt_track_group_create
3520455 : 0xd144a42f7f72c : 2 : ittapi_config_apply_per_lib :  ITTAPI function not implemented: __itt_track_create
3520455 : 0xd144a42f80308 : 2 : ittapi_config_apply_per_lib :  ITTAPI function not implemented: __itt_set_track
3520455 : 0xd144a42f80e83 : 2 : ittapi_config_apply_per_lib :  ITTAPI function instrumented: __itt_api_version
3520455 : 0xd144a42f81a28 : 2 : ittapi_config_apply_per_lib :  ITTAPI function not implemented: __itt_av_save
3520455 : 0xd144a42f825c9 : 2 : ittapi_config_apply_per_lib :  ITTAPI function instrumented: __itt_module_load
3520455 : 0xd144a42f8315f : 2 : ittapi_config_apply_per_lib :  ITTAPI function not implemented: __itt_module_unload
3520455 : 0xd144a42f89d28 : 2 : ittapi_config_apply_per_lib :  ITTAPI function NOT instrumented (not matched by --itt-config option): __itt_histogram_submit

3520455 : 0xd144a42fdd651 : 2 : ittapi_config_mask_get :  --itt-config mask to be applied: 55
3520455 : 0xd144a42fde620 : 2 : ittapi_config_apply_per_lib :  ITTAPI function instrumented: __itt_domain_create
3520455 : 0xd144a42fdf1f2 : 2 : ittapi_config_apply_per_lib :  ITTAPI function instrumented: __itt_module_load_with_sections
3520455 : 0xd144a42fdff88 : 2 : ittapi_config_apply_per_lib :  ITTAPI function not implemented: __itt_module_unload_with_sections
3520455 : 0xd144a42fe0b2a : 2 : ittapi_config_apply_per_lib :  ITTAPI function instrumented: __itt_string_handle_create
3520455 : 0xd144a42fe16a6 : 2 : ittapi_config_apply_per_lib :  ITTAPI function instrumented: __itt_counter_create
3520455 : 0xd144a42fe21f1 : 2 : ittapi_config_apply_per_lib :  ITTAPI function instrumented: __itt_counter_create_typed
3520455 : 0xd144a42fe2db4 : 2 : ittapi_config_apply_per_lib :  ITTAPI function instrumented: __itt_pause
3520455 : 0xd144a42fe39b7 : 2 : ittapi_config_apply_per_lib :  ITTAPI function instrumented: __itt_resume
3520455 : 0xd144a42fed824 : 2 : ittapi_config_apply_per_lib :  ITTAPI function instrumented: __itt_thread_set_name
3520455 : 0xd144a42fee4b8 : 2 : ittapi_config_apply_per_lib :  ITTAPI function instrumented: __itt_thread_ignore
3520455 : 0xd144a42fef05f : 2 : ittapi_config_apply_per_lib :  ITTAPI function instrumented: __itt_thr_name_set
3520455 : 0xd144a42fefbd7 : 2 : ittapi_config_apply_per_lib :  ITTAPI function instrumented: __itt_thr_ignore
3520455 : 0xd144a42ff08df : 2 : ittapi_config_apply_per_lib :  ITTAPI function not implemented: __itt_enable_attach
3520455 : 0xd144a42ff1404 : 2 : ittapi_config_apply_per_lib :  ITTAPI function instrumented: __itt_detach
3520455 : 0xd144a42ff1a46 : 2 : ittapi_config_apply_per_lib :  ITTAPI function NOT instrumented (not matched by --itt-config option): __itt_sync_create

3520455 : 0xd144a42ff2080 : 2 : ittapi_config_apply_per_lib :  ITTAPI function NOT instrumented (not matched by --itt-config option): __itt_sync_rename

3520455 : 0xd144a42ff2689 : 2 : ittapi_config_apply_per_lib :  ITTAPI function NOT instrumented (not matched by --itt-config option): __itt_sync_destroy

3520455 : 0xd144a42ff2cbc : 2 : ittapi_config_apply_per_lib :  ITTAPI function NOT instrumented (not matched by --itt-config option): __itt_sync_prepare

3520455 : 0xd144a42ffacd2 : 2 : ittapi_config_apply_per_lib :  ITTAPI function NOT instrumented (not matched by --itt-config option): __itt_sync_cancel

3520455 : 0xd144a42ffb47a : 2 : ittapi_config_apply_per_lib :  ITTAPI function NOT instrumented (not matched by --itt-config option): __itt_sync_acquired

3520455 : 0xd144a42ffba10 : 2 : ittapi_config_apply_per_lib :  ITTAPI function NOT instrumented (not matched by --itt-config option): __itt_sync_releasing

3520455 : 0xd144a42ffc775 : 2 : ittapi_config_apply_per_lib :  ITTAPI function not implemented: __itt_suppress_push
3520455 : 0xd144a42ffd40d : 2 : ittapi_config_apply_per_lib :  ITTAPI function not implemented: __itt_suppress_pop
3520455 : 0xd144a42ffe01a : 2 : ittapi_config_apply_per_lib :  ITTAPI function not implemented: __itt_suppress_mark_range
3520455 : 0xd144a42ffebc9 : 2 : ittapi_config_apply_per_lib :  ITTAPI function not implemented: __itt_suppress_clear_range
3520455 : 0xd144a42fff1e8 : 2 : ittapi_config_apply_per_lib :  ITTAPI function NOT instrumented (not matched by --itt-config option): __itt_sync_prepare

3520455 : 0xd144a42fff78a : 2 : ittapi_config_apply_per_lib :  ITTAPI function NOT instrumented (not matched by --itt-config option): __itt_sync_cancel

3520455 : 0xd144a42fffd68 : 2 : ittapi_config_apply_per_lib :  ITTAPI function NOT instrumented (not matched by --itt-config option): __itt_sync_acquired

3520455 : 0xd144a430085e2 : 2 : ittapi_config_apply_per_lib :  ITTAPI function NOT instrumented (not matched by --itt-config option): __itt_sync_releasing

3520455 : 0xd144a43008d38 : 2 : ittapi_config_apply_per_lib :  ITTAPI function NOT instrumented (not matched by --itt-config option): __itt_model_site_begin

3520455 : 0xd144a43009376 : 2 : ittapi_config_apply_per_lib :  ITTAPI function NOT instrumented (not matched by --itt-config option): __itt_model_site_end

3520455 : 0xd144a43009939 : 2 : ittapi_config_apply_per_lib :  ITTAPI function NOT instrumented (not matched by --itt-config option): __itt_model_task_begin

3520455 : 0xd144a43009f14 : 2 : ittapi_config_apply_per_lib :  ITTAPI function NOT instrumented (not matched by --itt-config option): __itt_model_task_end

3520455 : 0xd144a4300a50c : 2 : ittapi_config_apply_per_lib :  ITTAPI function NOT instrumented (not matched by --itt-config option): __itt_model_lock_acquire

3520455 : 0xd144a4300ab32 : 2 : ittapi_config_apply_per_lib :  ITTAPI function NOT instrumented (not matched by --itt-config option): __itt_model_lock_release

3520455 : 0xd144a4300b12f : 2 : ittapi_config_apply_per_lib :  ITTAPI function NOT instrumented (not matched by --itt-config option): __itt_model_record_allocation

3520455 : 0xd144a4300b71d : 2 : ittapi_config_apply_per_lib :  ITTAPI function NOT instrumented (not matched by --itt-config option): __itt_model_record_deallocation

3520455 : 0xd144a4300bc9b : 2 : ittapi_config_apply_per_lib :  ITTAPI function NOT instrumented (not matched by --itt-config option): __itt_model_induction_uses

3520455 : 0xd144a430138b1 : 2 : ittapi_config_apply_per_lib :  ITTAPI function NOT instrumented (not matched by --itt-config option): __itt_model_reduction_uses

3520455 : 0xd144a43013f79 : 2 : ittapi_config_apply_per_lib :  ITTAPI function NOT instrumented (not matched by --itt-config option): __itt_model_observe_uses

3520455 : 0xd144a430145c8 : 2 : ittapi_config_apply_per_lib :  ITTAPI function NOT instrumented (not matched by --itt-config option): __itt_model_clear_uses

3520455 : 0xd144a43014be6 : 2 : ittapi_config_apply_per_lib :  ITTAPI function NOT instrumented (not matched by --itt-config option): __itt_model_site_beginA

3520455 : 0xd144a430151a4 : 2 : ittapi_config_apply_per_lib :  ITTAPI function NOT instrumented (not matched by --itt-config option): __itt_model_site_beginAL

3520455 : 0xd144a4301578e : 2 : ittapi_config_apply_per_lib :  ITTAPI function NOT instrumented (not matched by --itt-config option): __itt_model_task_beginA

3520455 : 0xd144a43015d3b : 2 : ittapi_config_apply_per_lib :  ITTAPI function NOT instrumented (not matched by --itt-config option): __itt_model_task_beginAL

3520455 : 0xd144a4301630c : 2 : ittapi_config_apply_per_lib :  ITTAPI function NOT instrumented (not matched by --itt-config option): __itt_model_iteration_taskA

3520455 : 0xd144a43016899 : 2 : ittapi_config_apply_per_lib :  ITTAPI function NOT instrumented (not matched by --itt-config option): __itt_model_iteration_taskAL

3520455 : 0xd144a43016e25 : 2 : ittapi_config_apply_per_lib :  ITTAPI function NOT instrumented (not matched by --itt-config option): __itt_model_site_end_2

3520455 : 0xd144a4301daee : 2 : ittapi_config_apply_per_lib :  ITTAPI function NOT instrumented (not matched by --itt-config option): __itt_model_task_end_2

3520455 : 0xd144a4301e183 : 2 : ittapi_config_apply_per_lib :  ITTAPI function NOT instrumented (not matched by --itt-config option): __itt_model_lock_acquire_2

3520455 : 0xd144a4301e754 : 2 : ittapi_config_apply_per_lib :  ITTAPI function NOT instrumented (not matched by --itt-config option): __itt_model_lock_release_2

3520455 : 0xd144a4301ed35 : 2 : ittapi_config_apply_per_lib :  ITTAPI function NOT instrumented (not matched by --itt-config option): __itt_model_aggregate_task

3520455 : 0xd144a4301f314 : 2 : ittapi_config_apply_per_lib :  ITTAPI function NOT instrumented (not matched by --itt-config option): __itt_model_disable_push

3520455 : 0xd144a4301f8a5 : 2 : ittapi_config_apply_per_lib :  ITTAPI function NOT instrumented (not matched by --itt-config option): __itt_model_disable_pop

3520455 : 0xd144a4302052c : 2 : ittapi_config_apply_per_lib :  ITTAPI function instrumented: __itt_heap_function_create
3520455 : 0xd144a4302111f : 2 : ittapi_config_apply_per_lib :  ITTAPI function instrumented: __itt_heap_allocate_begin
3520455 : 0xd144a43021c5c : 2 : ittapi_config_apply_per_lib :  ITTAPI function instrumented: __itt_heap_allocate_end
3520455 : 0xd144a430227a6 : 2 : ittapi_config_apply_per_lib :  ITTAPI function instrumented: __itt_heap_free_begin
3520455 : 0xd144a43029b74 : 2 : ittapi_config_apply_per_lib :  ITTAPI function instrumented: __itt_heap_free_end
3520455 : 0xd144a4302a83d : 2 : ittapi_config_apply_per_lib :  ITTAPI function instrumented: __itt_heap_reallocate_begin
3520455 : 0xd144a4302b356 : 2 : ittapi_config_apply_per_lib :  ITTAPI function instrumented: __itt_heap_reallocate_end
3520455 : 0xd144a4302bfef : 2 : ittapi_config_apply_per_lib :  ITTAPI function not implemented: __itt_heap_internal_access_begin
3520455 : 0xd144a4302cb8d : 2 : ittapi_config_apply_per_lib :  ITTAPI function not implemented: __itt_heap_internal_access_end
3520455 : 0xd144a4302d780 : 2 : ittapi_config_apply_per_lib :  ITTAPI function not implemented: __itt_heap_record_memory_growth_begin
3520455 : 0xd144a4302e35b : 2 : ittapi_config_apply_per_lib :  ITTAPI function not implemented: __itt_heap_record_memory_growth_end
3520455 : 0xd144a4302ef36 : 2 : ittapi_config_apply_per_lib :  ITTAPI function not implemented: __itt_heap_reset_detection
3520455 : 0xd144a4302fb40 : 2 : ittapi_config_apply_per_lib :  ITTAPI function not implemented: __itt_heap_record
3520455 : 0xd144a430306fb : 2 : ittapi_config_apply_per_lib :  ITTAPI function not implemented: __itt_id_create
3520455 : 0xd144a4303836d : 2 : ittapi_config_apply_per_lib :  ITTAPI function not implemented: __itt_id_destroy
3520455 : 0xd144a43038ff0 : 2 : ittapi_config_apply_per_lib :  ITTAPI function instrumented: __itt_get_timestamp
3520455 : 0xd144a43039b6e : 2 : ittapi_config_apply_per_lib :  ITTAPI function not implemented: __itt_region_begin
3520455 : 0xd144a4303a759 : 2 : ittapi_config_apply_per_lib :  ITTAPI function not implemented: __itt_region_end
3520455 : 0xd144a4303b2c5 : 2 : ittapi_config_apply_per_lib :  ITTAPI function instrumented: __itt_frame_begin_v3
3520455 : 0xd144a4303be65 : 2 : ittapi_config_apply_per_lib :  ITTAPI function instrumented: __itt_frame_end_v3
3520455 : 0xd144a4303c9cf : 2 : ittapi_config_apply_per_lib :  ITTAPI function instrumented: __itt_frame_submit_v3
3520455 : 0xd144a4303d59e : 2 : ittapi_config_apply_per_lib :  ITTAPI function not implemented: __itt_task_group
3520455 : 0xd144a4303e16e : 2 : ittapi_config_apply_per_lib :  ITTAPI function instrumented: __itt_task_begin
3520455 : 0xd144a4303ed3f : 2 : ittapi_config_apply_per_lib :  ITTAPI function instrumented: __itt_task_begin_fn
3520455 : 0xd144a43045fd9 : 2 : ittapi_config_apply_per_lib :  ITTAPI function instrumented: __itt_task_end
3520455 : 0xd144a43046cf6 : 2 : ittapi_config_apply_per_lib :  ITTAPI function not implemented: __itt_counter_inc_v3
3520455 : 0xd144a43047955 : 2 : ittapi_config_apply_per_lib :  ITTAPI function not implemented: __itt_counter_inc_delta_v3
3520455 : 0xd144a43048518 : 2 : ittapi_config_apply_per_lib :  ITTAPI function not implemented: __itt_counter_dec_v3
3520455 : 0xd144a430490e7 : 2 : ittapi_config_apply_per_lib :  ITTAPI function not implemented: __itt_counter_dec_delta_v3
3520455 : 0xd144a43049c8f : 2 : ittapi_config_apply_per_lib :  ITTAPI function not implemented: __itt_marker
3520455 : 0xd144a4304a84f : 2 : ittapi_config_apply_per_lib :  ITTAPI function instrumented: __itt_metadata_add
3520455 : 0xd144a4304b4b8 : 2 : ittapi_config_apply_per_lib :  ITTAPI function not implemented: __itt_metadata_str_add
3520455 : 0xd144a4304c035 : 2 : ittapi_config_apply_per_lib :  ITTAPI function not implemented: __itt_relation_add_to_current
3520455 : 0xd144a4304cc28 : 2 : ittapi_config_apply_per_lib :  ITTAPI function not implemented: __itt_relation_add
3520455 : 0xd144a4305468c : 2 : ittapi_config_apply_per_lib :  ITTAPI function instrumented: __itt_event_create
3520455 : 0xd144a430552f3 : 2 : ittapi_config_apply_per_lib :  ITTAPI function instrumented: __itt_event_start
3520455 : 0xd144a43055e55 : 2 : ittapi_config_apply_per_lib :  ITTAPI function instrumented: __itt_event_end
3520455 : 0xd144a43056440 : 2 : ittapi_config_apply_per_lib :  ITTAPI function NOT instrumented (not matched by --itt-config option): __itt_sync_set_name

3520455 : 0xd144a43056a4e : 2 : ittapi_config_apply_per_lib :  ITTAPI function NOT instrumented (not matched by --itt-config option): __itt_notify_sync_name

3520455 : 0xd144a43057017 : 2 : ittapi_config_apply_per_lib :  ITTAPI function NOT instrumented (not matched by --itt-config option): __itt_notify_sync_prepare

3520455 : 0xd144a4305761d : 2 : ittapi_config_apply_per_lib :  ITTAPI function NOT instrumented (not matched by --itt-config option): __itt_notify_sync_cancel

3520455 : 0xd144a43057bcf : 2 : ittapi_config_apply_per_lib :  ITTAPI function NOT instrumented (not matched by --itt-config option): __itt_notify_sync_acquired

3520455 : 0xd144a430581c2 : 2 : ittapi_config_apply_per_lib :  ITTAPI function NOT instrumented (not matched by --itt-config option): __itt_notify_sync_releasing

3520455 : 0xd144a43058ded : 2 : ittapi_config_apply_per_lib :  ITTAPI function not implemented: __itt_memory_read
3520455 : 0xd144a4305fdfc : 2 : ittapi_config_apply_per_lib :  ITTAPI function not implemented: __itt_memory_write
3520455 : 0xd144a43060a67 : 2 : ittapi_config_apply_per_lib :  ITTAPI function not implemented: __itt_memory_update
3520455 : 0xd144a430616cd : 2 : ittapi_config_apply_per_lib :  ITTAPI function not implemented: __itt_state_get
3520455 : 0xd144a43062298 : 2 : ittapi_config_apply_per_lib :  ITTAPI function not implemented: __itt_state_set
3520455 : 0xd144a43062e22 : 2 : ittapi_config_apply_per_lib :  ITTAPI function not implemented: __itt_obj_mode_set
3520455 : 0xd144a43063a4c : 2 : ittapi_config_apply_per_lib :  ITTAPI function not implemented: __itt_thr_mode_set
3520455 : 0xd144a43064563 : 2 : ittapi_config_apply_per_lib :  ITTAPI function instrumented: __itt_frame_create
3520455 : 0xd144a43065037 : 2 : ittapi_config_apply_per_lib :  ITTAPI function instrumented: __itt_pt_region_create
3520455 : 0xd144a43065b95 : 2 : ittapi_config_apply_per_lib :  ITTAPI function instrumented: __itt_frame_begin
3520455 : 0xd144a430666cf : 2 : ittapi_config_apply_per_lib :  ITTAPI function instrumented: __itt_frame_end
3520455 : 0xd144a4306e6bf : 2 : ittapi_config_apply_per_lib :  ITTAPI function not implemented: __itt_counter_destroy
3520455 : 0xd144a4306f390 : 2 : ittapi_config_apply_per_lib :  ITTAPI function instrumented: __itt_counter_inc
3520455 : 0xd144a4306ff01 : 2 : ittapi_config_apply_per_lib :  ITTAPI function instrumented: __itt_counter_inc_delta
3520455 : 0xd144a43070a3b : 2 : ittapi_config_apply_per_lib :  ITTAPI function instrumented: __itt_counter_dec
3520455 : 0xd144a430715bc : 2 : ittapi_config_apply_per_lib :  ITTAPI function instrumented: __itt_counter_dec_delta
3520455 : 0xd144a43072131 : 2 : ittapi_config_apply_per_lib :  ITTAPI function instrumented: __itt_counter_set_value
3520455 : 0xd144a43072cf7 : 2 : ittapi_config_apply_per_lib :  ITTAPI function not implemented: __itt_counter_set_value_ex
3520455 : 0xd144a43073855 : 2 : ittapi_config_apply_per_lib :  ITTAPI function not implemented: __itt_mark_create
3520455 : 0xd144a43074422 : 2 : ittapi_config_apply_per_lib :  ITTAPI function not implemented: __itt_mark
3520455 : 0xd144a43075033 : 2 : ittapi_config_apply_per_lib :  ITTAPI function not implemented: __itt_mark_off
3520455 : 0xd144a4307c6ab : 2 : ittapi_config_apply_per_lib :  ITTAPI function not implemented: __itt_mark_global
3520455 : 0xd144a4307d393 : 2 : ittapi_config_apply_per_lib :  ITTAPI function not implemented: __itt_mark_global_off
3520455 : 0xd144a4307df39 : 2 : ittapi_config_apply_per_lib :  ITTAPI function instrumented: __itt_stack_caller_create
3520455 : 0xd144a4307eac8 : 2 : ittapi_config_apply_per_lib :  ITTAPI function instrumented: __itt_stack_caller_destroy
3520455 : 0xd144a4307f69a : 2 : ittapi_config_apply_per_lib :  ITTAPI function instrumented: __itt_stack_callee_enter
3520455 : 0xd144a430801c6 : 2 : ittapi_config_apply_per_lib :  ITTAPI function instrumented: __itt_stack_callee_leave
3520455 : 0xd144a43080d7b : 2 : ittapi_config_apply_per_lib :  ITTAPI function not implemented: __itt_clock_domain_create
3520455 : 0xd144a4308195a : 2 : ittapi_config_apply_per_lib :  ITTAPI function not implemented: __itt_clock_domain_reset
3520455 : 0xd144a430824b4 : 2 : ittapi_config_apply_per_lib :  ITTAPI function not implemented: __itt_id_create_ex
3520455 : 0xd144a4308309b : 2 : ittapi_config_apply_per_lib :  ITTAPI function not implemented: __itt_id_destroy_ex
3520455 : 0xd144a4308a405 : 2 : ittapi_config_apply_per_lib :  ITTAPI function not implemented: __itt_task_begin_ex
3520455 : 0xd144a4308b09d : 2 : ittapi_config_apply_per_lib :  ITTAPI function not implemented: __itt_task_begin_fn_ex
3520455 : 0xd144a4308bc6b : 2 : ittapi_config_apply_per_lib :  ITTAPI function not implemented: __itt_task_end_ex
3520455 : 0xd144a4308c7be : 2 : ittapi_config_apply_per_lib :  ITTAPI function instrumented: __itt_task_begin_overlapped
3520455 : 0xd144a4308d38d : 2 : ittapi_config_apply_per_lib :  ITTAPI function not implemented: __itt_task_begin_overlapped_ex
3520455 : 0xd144a4308df13 : 2 : ittapi_config_apply_per_lib :  ITTAPI function instrumented: __itt_task_end_overlapped
3520455 : 0xd144a4308eaaf : 2 : ittapi_config_apply_per_lib :  ITTAPI function not implemented: __itt_task_end_overlapped_ex
3520455 : 0xd144a4308f682 : 2 : ittapi_config_apply_per_lib :  ITTAPI function not implemented: __itt_marker_ex
3520455 : 0xd144a4309023c : 2 : ittapi_config_apply_per_lib :  ITTAPI function not implemented: __itt_metadata_add_with_scope
3520455 : 0xd144a43090e39 : 2 : ittapi_config_apply_per_lib :  ITTAPI function not implemented: __itt_metadata_str_add_with_scope
3520455 : 0xd144a43098e7d : 2 : ittapi_config_apply_per_lib :  ITTAPI function not implemented: __itt_relation_add_to_current_ex
3520455 : 0xd144a43099b48 : 2 : ittapi_config_apply_per_lib :  ITTAPI function not implemented: __itt_relation_add_ex
3520455 : 0xd144a4309a6e8 : 2 : ittapi_config_apply_per_lib :  ITTAPI function not implemented: __itt_track_group_create
3520455 : 0xd144a4309b24f : 2 : ittapi_config_apply_per_lib :  ITTAPI function not implemented: __itt_track_create
3520455 : 0xd144a4309bde3 : 2 : ittapi_config_apply_per_lib :  ITTAPI function not implemented: __itt_set_track
3520455 : 0xd144a4309c99b : 2 : ittapi_config_apply_per_lib :  ITTAPI function instrumented: __itt_api_version
3520455 : 0xd144a4309d542 : 2 : ittapi_config_apply_per_lib :  ITTAPI function not implemented: __itt_av_save
3520455 : 0xd144a4309e0da : 2 : ittapi_config_apply_per_lib :  ITTAPI function instrumented: __itt_module_load
3520455 : 0xd144a4309ec72 : 2 : ittapi_config_apply_per_lib :  ITTAPI function not implemented: __itt_module_unload