11 [140317017016192] INFO perfrun.launcher <> - Launcher main begin
16 [140317017016192] INFO perfrun.launcher <> - MessageCatalogInit finished
16 [140317017016192] INFO perfrun.launcher <> - Launcher instance created
17 [140317017016192] INFO perfrun.launcher <> - argc = 6; cmdline = /glob/development-tools/versions/oneapi/2022.3.1/oneapi/vtune/2022.4.1/bin64/amplxe-runss -dump-vdso -r /tmp/amplxe-tmp-u177183/amplxe-res-3520450-12488225741540380 --tmp-dir /tmp/amplxe-tmp-u177183 
93 [140317017016192] INFO perfrun.launcher <> - create msngr2::ICliToolContext
93 [140317017016192] INFO perfrun.launcher <> - create file finder object
99 [140317003171584] INFO perfrun.launcher <> - plugin [remoteplug] was disabled because it doesn't support the given collection type.
99 [140317003171584] INFO perfrun.launcher <> - plugin [system] was disabled because it doesn't support the given collection type.
99 [140317003171584] INFO perfrun.vdso <> - dumping [vdso] pseudomodule
101 [140317003171584] INFO perfrun.launcher <> - plugin [itt] was disabled because it doesn't support the given collection type.
101 [140317003171584] INFO perfrun.launcher <> - plugin [ptracecollector] was disabled because it doesn't support the given collection type.
101 [140317003171584] INFO perfrun.launcher <> - plugin [gpu] was disabled because it doesn't support the given collection type.
101 [140317003171584] INFO perfrun.launcher <> - plugin [] was disabled because it doesn't support the given collection type.
101 [140317003171584] INFO perfrun.launcher <> - plugin [] was disabled because it doesn't support the given collection type.
101 [140317003171584] INFO perfrun.launcher <> - plugin [] was disabled because it doesn't support the given collection type.
101 [140317003171584] INFO perfrun.launcher <> - plugin [mrte] was disabled because it doesn't support the given collection type.
101 [140317003171584] INFO perfrun.launcher <> - plugin [emon] was disabled because it doesn't support the given collection type.
101 [140317003171584] INFO perfrun.launcher <> - plugin [cuscol] was disabled because it doesn't support the given collection type.
101 [140317003171584] INFO perfrun.launcher <> - plugin [stdsrc] was disabled because it doesn't support the given collection type.
101 [140317003171584] INFO perfrun.launcher <> - plugin [sep] was disabled because it doesn't support the given collection type.
101 [140317003171584] INFO perfrun.launcher <> - plugin [vtsspp] was disabled because it doesn't support the given collection type.
101 [140317003171584] INFO perfrun.launcher <> - plugin [perf] was disabled because it doesn't support the given collection type.
101 [140317003171584] INFO perfrun.launcher <> - plugin [aoclprofile] was disabled because it doesn't support the given collection type.
101 [140317003171584] INFO perfrun.launcher <> - plugin [tpss] was disabled because it doesn't support the given collection type.
101 [140317003171584] INFO perfrun.launcher <> - plugin [media] was disabled because it doesn't support the given collection type.
101 [140317003171584] INFO perfrun.launcher <> - plugin [] was disabled because it doesn't support the given collection type.
101 [140317003171584] INFO perfrun.launcher <> - plugin [] was disabled because it doesn't support the given collection type.
101 [140317003171584] INFO perfrun.launcher <> - plugin [parallelfs] was disabled because it doesn't support the given collection type.
101 [140317003171584] INFO perfrun.launcher <> - plugin [power] was disabled because it doesn't support the given collection type.
101 [140317003171584] INFO perfrun.launcher <> - plugin [hwloc] was disabled because it doesn't support the given collection type.
101 [140317003171584] INFO perfrun.launcher <> - plugin [ipmwatch] was disabled because it doesn't support the given collection type.
101 [140317003171584] INFO perfrun.launcher <> - plugin [os_counters] was disabled because it doesn't support the given collection type.
101 [140317003171584] INFO perfrun.launcher <> - plugin [l0_metrics] was disabled because it doesn't support the given collection type.
101 [140317017016192] INFO perfrun.launcher <> - Application exit code: 0
101 [140317017016192] INFO perfrun.launcher <> - Exit code: 0
