12 [140438194710400] INFO perfrun.launcher <> - Launcher main begin
17 [140438194710400] INFO perfrun.launcher <> - MessageCatalogInit finished
17 [140438194710400] INFO perfrun.launcher <> - Launcher instance created
17 [140438194710400] INFO perfrun.launcher <> - argc = 7; cmdline = /glob/development-tools/versions/oneapi/2022.3.1/oneapi/vtune/2022.4.1/bin64/amplxe-runss --ui-output-format xml --ui-output-fd 8 --option-file /home/u177183/HW1/HW1/problem5/vtune_data/config/runss.options 
81 [140438194710400] INFO perfrun.launcher <> - create msngr2::ICliToolContext
81 [140438194710400] INFO perfrun.launcher <> - create file finder object
81 [140438194710400] INFO perfrun.launcher <> - create a result directory: pattern = /home/u177183/HW1/HW1/problem5/vtune_data pid = 4294967295
86 [140438194710400] INFO perfrun.sdk <> - checked that the directory /home/u177183/HW1/HW1/problem5/vtune_data is a local directory
86 [140438194710400] INFO perfrun.sdk <> - the directory /home/u177183/HW1/HW1/problem5/vtune_data is located on a share or its FS ID is unknown 26985
87 [140438194710400] INFO perfrun.sdk <> - checked that the directory /tmp/amplxe-tmp-u177183 is a local directory
87 [140438194710400] INFO perfrun.sdk <> - the directory /tmp/amplxe-tmp-u177183 is a local directory with FS type ID 61267
88 [140438194710400] INFO perfrun.launcher <> - Create a local result directory /tmp/amplxe-tmp-u177183/amplxe-res-3520450-12488225741540380 due to the user result path /home/u177183/HW1/HW1/problem5/vtune_data is located on a share
88 [140438194710400] INFO perfrun.launcher <> - create data directory = /tmp/amplxe-tmp-u177183/amplxe-res-3520450-12488225741540380/data.0
89 [140438194710400] INFO perfrun.launcher <> - create data directory = /home/u177183/HW1/HW1/problem5/vtune_data/data.0
91 [140438194710400] INFO perfrun.launcher <> - Creating the master collection flag
95 [140438194710400] INFO perfrun.launcher <> - Done creating the master collection flag
101 [140438180865792] INFO perfrun.launcher <> - plugin [remoteplug] was disabled because it doesn't support the given collection type.
101 [140438180865792] INFO perfrun.sdk <> - Allocating TMU :/tmp/amplxe-tmp-u177183/amplxe-res-3520450-12488225741540380/data.0/systemcollector-3520450-s001-n056.sc
101 [140438180865792] INFO perfrun.system <> - Tpss based collection
102 [140438180865792] INFO perfrun.launcher <> - plugin [ptracecollector] was disabled because it doesn't support the given collection type.
102 [140438180865792] INFO perfrun.launcher <> - plugin [gpu] was disabled because it doesn't support the given collection type.
102 [140438180865792] INFO perfrun.launcher <> - plugin [] was disabled because it doesn't support the given collection type.
102 [140438180865792] INFO perfrun.launcher <> - plugin [] was disabled because it doesn't support the given collection type.
102 [140438180865792] INFO perfrun.launcher <> - plugin [] was disabled because it doesn't support the given collection type.
102 [140438180865792] INFO perfrun.mrte <> - system-wide mode is 0
102 [140438180865792] INFO perfrun.mrte <> - Getting  mrte profiling environment ...
570 [140438180865792] INFO perfrun.mrte <> - INTEL_MRTE_DATA_DIR=/tmp/amplxe-tmp-u177183/amplxe-res-3520450-12488225741540380/data.0
570 [140438180865792] INFO perfrun.mrte <> - INTEL_MRTE_HOST_NAME=s001-n056
570 [140438180865792] INFO perfrun.mrte <> - JAVA_TOOL_OPTIONS=-agentlib:amplxe_tpssmrte_javaprof_1.0 -Dsun.boot.library.path=/glob/development-tools/versions/oneapi/2022.3.1/oneapi/vtune/2022.4.1/lib32/runtime:/glob/development-tools/versions/oneapi/2022.3.1/oneapi/vtune/2022.4.1/lib64/runtime
570 [140438180865792] INFO perfrun.mrte <> - LD_LIBRARY_PATH=/glob/development-tools/versions/oneapi/2022.3.1/oneapi/vtune/2022.4.1/lib32/runtime:/glob/development-tools/versions/oneapi/2022.3.1/oneapi/vtune/2022.4.1/lib64/runtime:/glob/development-tools/versions/oneapi/2022.3.1/oneapi/vpl/2022.2.5/lib:/glob/development-tools/versions/oneapi/2022.3.1/oneapi/tbb/2021.7.1/env/../lib/intel64/gcc4.8:/glob/development-tools/versions/oneapi/2022.3.1/oneapi/rkcommon/1.10.0/lib:/glob/development-tools/versions/oneapi/2022.3.1/oneapi/ospray_studio/0.11.1/lib:/glob/development-tools/versions/oneapi/2022.3.1/oneapi/ospray/2.10.0/lib:/glob/development-tools/versions/oneapi/2022.3.1/oneapi/openvkl/1.3.0/lib:/glob/development-tools/versions/oneapi/2022.3.1/oneapi/oidn/1.4.3/lib:/glob/development-tools/versions/oneapi/2022.3.1/oneapi/mpi/2021.7.1//libfabric/lib:/glob/development-tools/versions/oneapi/2022.3.1/oneapi/mpi/2021.7.1//lib/release:/glob/development-tools/versions/oneapi/2022.3.1/oneapi/mpi/2021.7.1//lib:/glob/development-tools/versions/oneapi/2022.3.1/oneapi/mkl/2022.2.1/lib/intel64:/glob/development-tools/versions/oneapi/2022.3.1/oneapi/itac/2021.7.1/slib:/glob/development-tools/versions/oneapi/2022.3.1/oneapi/ispc/1.18.0/lib/lib64:/glob/development-tools/versions/oneapi/2022.3.1/oneapi/ipp/2021.6.2/lib/intel64:/glob/development-tools/versions/oneapi/2022.3.1/oneapi/ippcp/2021.6.2/lib/intel64:/glob/development-tools/versions/oneapi/2022.3.1/oneapi/ipp/2021.6.2/lib/intel64:/glob/development-tools/versions/oneapi/2022.3.1/oneapi/embree/3.13.4/lib:/glob/development-tools/versions/oneapi/2022.3.1/oneapi/dnnl/2022.2.1/cpu_dpcpp_gpu_dpcpp/lib:/glob/development-tools/versions/oneapi/2022.3.1/oneapi/debugger/2021.7.1/gdb/intel64/lib:/glob/development-tools/versions/oneapi/2022.3.1/oneapi/debugger/2021.7.1/libipt/intel64/lib:/glob/development-tools/versions/oneapi/2022.3.1/oneapi/debugger/2021.7.1/dep/lib:/glob/development-tools/versions/oneapi/2022.3.1/oneapi/dal/2021.7.1/lib/intel64:/glob/development-tools/versions/oneapi/2022.3.1/oneapi/compiler/2022.2.1/linux/lib:/glob/development-tools/versions/oneapi/2022.3.1/oneapi/compiler/2022.2.1/linux/lib/x64:/glob/development-tools/versions/oneapi/2022.3.1/oneapi/compiler/2022.2.1/linux/lib/oclfpga/host/linux64/lib:/glob/development-tools/versions/oneapi/2022.3.1/oneapi/compiler/2022.2.1/linux/compiler/lib/intel64_lin:/glob/development-tools/versions/oneapi/2022.3.1/oneapi/ccl/2021.7.1/lib/cpu_gpu_dpcpp
570 [140438180865792] INFO perfrun.mrte <> - CORECLR_ENABLE_PROFILING=1
570 [140438180865792] INFO perfrun.mrte <> - CORECLR_PROFILER={AA5E4821-E3B1-479c-B7FF-5AD047D22CED}
570 [140438180865792] INFO perfrun.mrte <> - CORECLR_PROFILER_PATH=/glob/development-tools/versions/oneapi/2022.3.1/oneapi/vtune/2022.4.1/lib64/libamplxe_samplingmrte_clrprof_1.0.so
570 [140438180865792] INFO perfrun.mrte <> - INTEL_MRTE_PROFILER_MODE=mixed
570 [140438180865792] INFO perfrun.mrte <> - Data directory: /tmp/amplxe-tmp-u177183/amplxe-res-3520450-12488225741540380/data.0
570 [140438180865792] INFO perfrun.mrte <> - Mrte plugin is initialized
570 [140438180865792] INFO perfrun.launcher <> - plugin [emon] was disabled because it doesn't support the given collection type.
570 [140438180865792] INFO perfrun.launcher <> - plugin [cuscol] was disabled because it doesn't support the given collection type.
571 [140438180865792] INFO perfrun.launcher <> - plugin [stdsrc] was disabled because it doesn't support the given collection type.
571 [140438180865792] INFO perfrun.launcher <> - plugin [sep] was disabled because it doesn't support the given collection type.
571 [140438180865792] INFO perfrun.launcher <> - plugin [vtsspp] was disabled because it doesn't support the given collection type.
571 [140438180865792] INFO perfrun.launcher <> - plugin [perf] was disabled because it doesn't support the given collection type.
571 [140438180865792] INFO perfrun.launcher <> - plugin [aoclprofile] was disabled because it doesn't support the given collection type.
571 [140438180865792] INFO perfrun.tpss <> - initialize tpss controller
571 [140438180865792] INFO perfrun.tpss <> - configure collection mode: value = cpu:counters:nostack
571 [140438180865792] INFO perfrun.tpss <> - configure collection mode: value = cpu:stack
571 [140438180865792] INFO perfrun.tpss <> - configure collection mode: value = threading:stack
571 [140438180865792] INFO perfrun.tpss <> - configure collection mode: value = waiting:stack
571 [140438180865792] INFO perfrun.tpss <> - configure collection mode: value = io:stack
571 [140438180865792] INFO perfrun.tpss <> - default obj-size-min=1024
571 [140438180865792] INFO perfrun.tpss <> - default hash-table-size=0
571 [140438180865792] INFO perfrun.launcher <> - plugin [media] was disabled because it doesn't support the given collection type.
571 [140438180865792] INFO perfrun.launcher <> - plugin [] was disabled because it doesn't support the given collection type.
571 [140438180865792] INFO perfrun.launcher <> - plugin [] was disabled because it doesn't support the given collection type.
571 [140438180865792] INFO perfrun.launcher <> - plugin [parallelfs] was disabled because it doesn't support the given collection type.
571 [140438180865792] INFO perfrun.launcher <> - plugin [power] was disabled because it doesn't support the given collection type.
571 [140438180865792] INFO perfrun.launcher <> - plugin [hwloc] was disabled because it doesn't support the given collection type.
571 [140438180865792] INFO perfrun.launcher <> - plugin [ipmwatch] was disabled because it doesn't support the given collection type.
571 [140438180865792] INFO perfrun.launcher <> - plugin [os_counters] was disabled because it doesn't support the given collection type.
571 [140438180865792] INFO perfrun.launcher <> - plugin [l0_metrics] was disabled because it doesn't support the given collection type.
571 [140438194710400] INFO perfrun.launcher <> - set environment variable: LD_LIBRARY_PATH = /glob/development-tools/versions/oneapi/2022.3.1/oneapi/vtune/2022.4.1/lib32/runtime:/glob/development-tools/versions/oneapi/2022.3.1/oneapi/vtune/2022.4.1/lib64/runtime:/glob/development-tools/versions/oneapi/2022.3.1/oneapi/vpl/2022.2.5/lib:/glob/development-tools/versions/oneapi/2022.3.1/oneapi/tbb/2021.7.1/env/../lib/intel64/gcc4.8:/glob/development-tools/versions/oneapi/2022.3.1/oneapi/rkcommon/1.10.0/lib:/glob/development-tools/versions/oneapi/2022.3.1/oneapi/ospray_studio/0.11.1/lib:/glob/development-tools/versions/oneapi/2022.3.1/oneapi/ospray/2.10.0/lib:/glob/development-tools/versions/oneapi/2022.3.1/oneapi/openvkl/1.3.0/lib:/glob/development-tools/versions/oneapi/2022.3.1/oneapi/oidn/1.4.3/lib:/glob/development-tools/versions/oneapi/2022.3.1/oneapi/mpi/2021.7.1//libfabric/lib:/glob/development-tools/versions/oneapi/2022.3.1/oneapi/mpi/2021.7.1//lib/release:/glob/development-tools/versions/oneapi/2022.3.1/oneapi/mpi/2021.7.1//lib:/glob/development-tools/versions/oneapi/2022.3.1/oneapi/mkl/2022.2.1/lib/intel64:/glob/development-tools/versions/oneapi/2022.3.1/oneapi/itac/2021.7.1/slib:/glob/development-tools/versions/oneapi/2022.3.1/oneapi/ispc/1.18.0/lib/lib64:/glob/development-tools/versions/oneapi/2022.3.1/oneapi/ipp/2021.6.2/lib/intel64:/glob/development-tools/versions/oneapi/2022.3.1/oneapi/ippcp/2021.6.2/lib/intel64:/glob/development-tools/versions/oneapi/2022.3.1/oneapi/ipp/2021.6.2/lib/intel64:/glob/development-tools/versions/oneapi/2022.3.1/oneapi/embree/3.13.4/lib:/glob/development-tools/versions/oneapi/2022.3.1/oneapi/dnnl/2022.2.1/cpu_dpcpp_gpu_dpcpp/lib:/glob/development-tools/versions/oneapi/2022.3.1/oneapi/debugger/2021.7.1/gdb/intel64/lib:/glob/development-tools/versions/oneapi/2022.3.1/oneapi/debugger/2021.7.1/libipt/intel64/lib:/glob/development-tools/versions/oneapi/2022.3.1/oneapi/debugger/2021.7.1/dep/lib:/glob/development-tools/versions/oneapi/2022.3.1/oneapi/dal/2021.7.1/lib/intel64:/glob/development-tools/versions/oneapi/2022.3.1/oneapi/compiler/2022.2.1/linux/lib:/glob/development-tools/versions/oneapi/2022.3.1/oneapi/compiler/2022.2.1/linux/lib/x64:/glob/development-tools/versions/oneapi/2022.3.1/oneapi/compiler/2022.2.1/linux/lib/oclfpga/host/linux64/lib:/glob/development-tools/versions/oneapi/2022.3.1/oneapi/compiler/2022.2.1/linux/compiler/lib/intel64_lin:/glob/development-tools/versions/oneapi/2022.3.1/oneapi/ccl/2021.7.1/lib/cpu_gpu_dpcpp
572 [140438194710400] INFO perfrun.launcher <> - set environment variable: INTEL_LIBITTNOTIFY32 = /glob/development-tools/versions/oneapi/2022.3.1/oneapi/vtune/2022.4.1/lib32/runtime/libittnotify_collector.so
572 [140438194710400] INFO perfrun.launcher <> - set environment variable: INTEL_LIBITTNOTIFY64 = /glob/development-tools/versions/oneapi/2022.3.1/oneapi/vtune/2022.4.1/lib64/runtime/libittnotify_collector.so
572 [140438194710400] INFO perfrun.launcher <> - set environment variable: INTEL_ITTNOTIFY_GROUPS = 
572 [140438194710400] INFO perfrun.launcher <> - set environment variable: INTEL_JIT_PROFILER32 = /glob/development-tools/versions/oneapi/2022.3.1/oneapi/vtune/2022.4.1/lib32/runtime/libittnotify_collector.so
572 [140438194710400] INFO perfrun.launcher <> - set environment variable: INTEL_JIT_PROFILER64 = /glob/development-tools/versions/oneapi/2022.3.1/oneapi/vtune/2022.4.1/lib64/runtime/libittnotify_collector.so
572 [140438194710400] INFO perfrun.launcher <> - set environment variable: OMP_TOOL_LIBRARIES = /glob/development-tools/versions/oneapi/2022.3.1/oneapi/vtune/2022.4.1/lib32/runtime/libittnotify_collector.so:/glob/development-tools/versions/oneapi/2022.3.1/oneapi/vtune/2022.4.1/lib64/runtime/libittnotify_collector.so
572 [140438194710400] INFO perfrun.launcher <> - set environment variable: ENABLE_JITPROFILING = 1
572 [140438194710400] INFO perfrun.launcher <> - set environment variable: CL_CONFIG_USE_VTUNE = True
572 [140438194710400] INFO perfrun.launcher <> - set environment variable: INTEL_MRTE_DATA_DIR = /tmp/amplxe-tmp-u177183/amplxe-res-3520450-12488225741540380/data.0
572 [140438194710400] INFO perfrun.launcher <> - set environment variable: INTEL_MRTE_HOST_NAME = s001-n056
572 [140438194710400] INFO perfrun.launcher <> - set environment variable: JAVA_TOOL_OPTIONS = -agentlib:amplxe_tpssmrte_javaprof_1.0 -Dsun.boot.library.path=/glob/development-tools/versions/oneapi/2022.3.1/oneapi/vtune/2022.4.1/lib32/runtime:/glob/development-tools/versions/oneapi/2022.3.1/oneapi/vtune/2022.4.1/lib64/runtime
572 [140438194710400] INFO perfrun.launcher <> - set environment variable: LD_LIBRARY_PATH = /glob/development-tools/versions/oneapi/2022.3.1/oneapi/vtune/2022.4.1/lib32/runtime:/glob/development-tools/versions/oneapi/2022.3.1/oneapi/vtune/2022.4.1/lib64/runtime:/glob/development-tools/versions/oneapi/2022.3.1/oneapi/vpl/2022.2.5/lib:/glob/development-tools/versions/oneapi/2022.3.1/oneapi/tbb/2021.7.1/env/../lib/intel64/gcc4.8:/glob/development-tools/versions/oneapi/2022.3.1/oneapi/rkcommon/1.10.0/lib:/glob/development-tools/versions/oneapi/2022.3.1/oneapi/ospray_studio/0.11.1/lib:/glob/development-tools/versions/oneapi/2022.3.1/oneapi/ospray/2.10.0/lib:/glob/development-tools/versions/oneapi/2022.3.1/oneapi/openvkl/1.3.0/lib:/glob/development-tools/versions/oneapi/2022.3.1/oneapi/oidn/1.4.3/lib:/glob/development-tools/versions/oneapi/2022.3.1/oneapi/mpi/2021.7.1//libfabric/lib:/glob/development-tools/versions/oneapi/2022.3.1/oneapi/mpi/2021.7.1//lib/release:/glob/development-tools/versions/oneapi/2022.3.1/oneapi/mpi/2021.7.1//lib:/glob/development-tools/versions/oneapi/2022.3.1/oneapi/mkl/2022.2.1/lib/intel64:/glob/development-tools/versions/oneapi/2022.3.1/oneapi/itac/2021.7.1/slib:/glob/development-tools/versions/oneapi/2022.3.1/oneapi/ispc/1.18.0/lib/lib64:/glob/development-tools/versions/oneapi/2022.3.1/oneapi/ipp/2021.6.2/lib/intel64:/glob/development-tools/versions/oneapi/2022.3.1/oneapi/ippcp/2021.6.2/lib/intel64:/glob/development-tools/versions/oneapi/2022.3.1/oneapi/ipp/2021.6.2/lib/intel64:/glob/development-tools/versions/oneapi/2022.3.1/oneapi/embree/3.13.4/lib:/glob/development-tools/versions/oneapi/2022.3.1/oneapi/dnnl/2022.2.1/cpu_dpcpp_gpu_dpcpp/lib:/glob/development-tools/versions/oneapi/2022.3.1/oneapi/debugger/2021.7.1/gdb/intel64/lib:/glob/development-tools/versions/oneapi/2022.3.1/oneapi/debugger/2021.7.1/libipt/intel64/lib:/glob/development-tools/versions/oneapi/2022.3.1/oneapi/debugger/2021.7.1/dep/lib:/glob/development-tools/versions/oneapi/2022.3.1/oneapi/dal/2021.7.1/lib/intel64:/glob/development-tools/versions/oneapi/2022.3.1/oneapi/compiler/2022.2.1/linux/lib:/glob/development-tools/versions/oneapi/2022.3.1/oneapi/compiler/2022.2.1/linux/lib/x64:/glob/development-tools/versions/oneapi/2022.3.1/oneapi/compiler/2022.2.1/linux/lib/oclfpga/host/linux64/lib:/glob/development-tools/versions/oneapi/2022.3.1/oneapi/compiler/2022.2.1/linux/compiler/lib/intel64_lin:/glob/development-tools/versions/oneapi/2022.3.1/oneapi/ccl/2021.7.1/lib/cpu_gpu_dpcpp
572 [140438194710400] INFO perfrun.launcher <> - set environment variable: CORECLR_ENABLE_PROFILING = 1
572 [140438194710400] INFO perfrun.launcher <> - set environment variable: CORECLR_PROFILER = {AA5E4821-E3B1-479c-B7FF-5AD047D22CED}
572 [140438194710400] INFO perfrun.launcher <> - set environment variable: CORECLR_PROFILER_PATH = /glob/development-tools/versions/oneapi/2022.3.1/oneapi/vtune/2022.4.1/lib64/libamplxe_samplingmrte_clrprof_1.0.so
572 [140438194710400] INFO perfrun.launcher <> - set environment variable: INTEL_MRTE_PROFILER_MODE = mixed
573 [140438194710400] INFO perfrun.launcher <> - RpcServer: run RPC server to handle requests
576 [140438194710400] INFO perfrun.launcher <> - Launcher: command line to start before modification = /home/u177183/HW1/HW1/problem5/bin/prime_parallel_guided_schedule_24t
728 [140438194710400] INFO perfrun.launcher <> - Launcher: command line to start after modification = /glob/development-tools/versions/oneapi/2022.3.1/oneapi/vtune/2022.4.1/bin64/pin -error_file /tmp/amplxe-tmp-u177183/amplxe-res-3520450-12488225741540380/data.0/pinerr.tpsslog -detach_reattach -follow_execv -tool_load_option deepbind -t64 /glob/development-tools/versions/oneapi/2022.3.1/oneapi/vtune/2022.4.1/lib64/libtpsstool.so -t /glob/development-tools/versions/oneapi/2022.3.1/oneapi/vtune/2022.4.1/lib32/libtpsstool.so -server_name tpss_ipc.3520450 -prd_dir /glob/development-tools/versions/oneapi/2022.3.1/oneapi/vtune/2022.4.1 -- /home/u177183/HW1/HW1/problem5/bin/prime_parallel_guided_schedule_24t
728 [140438194710400] INFO perfrun.launcher <> - ProcessCreator object was created
729 [140438194710400] INFO perfrun.launcher <> - Launcher: the process was started in suspend mode
736 [140438180865792] WARN perfrun.system <> - Could not do anything with /sys/kernel/debug/kvm: boost::filesystem::status: Permission denied: "/sys/kernel/debug/kvm", at file: vcs/perfrun1/plugins/system/src/trace_writer.cpp:787
736 [140438180865792] WARN perfrun.system <> - Folder "/var/run/libvirt/qemu/"doesn't exist, at file: vcs/perfrun1/plugins/system/src/trace_writer.cpp:800
741 [140438180865792] INFO perfrun.sdk <> - runCmd: /glob/development-tools/versions/oneapi/2022.3.1/oneapi/vtune/2022.4.1/bin64/sep -platform-info
741 [140438180865792] INFO perfrun.sdk <> - runCmd started PID 3520456
774 [140438180865792] WARN perfrun.sdk <> - SEP driver is not available, at file: vcs/perfrun1/plugins/pluginsdk/src/device_mapper.cpp:745
774 [140438180865792] INFO perfrun.sdk <> - runCmd: /glob/development-tools/versions/oneapi/2022.3.1/oneapi/vtune/2022.4.1/bin64/amplxe-perf stat --iostat=list
774 [140438180865792] INFO perfrun.sdk <> - runCmd started PID 3520457
795 [140438180865792] WARN perfrun.sdk <> - Device mapping through perf is not available on current kernel, at file: vcs/perfrun1/plugins/pluginsdk/src/device_mapper.cpp:943
804 [140438180865792] INFO perfrun.sdk <> - runCmd: /glob/development-tools/versions/oneapi/2022.3.1/oneapi/vtune/2022.4.1/bin64/sep -platform-info
804 [140438180865792] INFO perfrun.sdk <> - runCmd started PID 3520458
834 [140438180865792] WARN perfrun.sdk <> - SEP driver is not available, at file: vcs/perfrun1/plugins/pluginsdk/src/device_mapper.cpp:745
834 [140438180865792] WARN perfrun.sdk <> - Failed to find xl binary on any of the system paths: /bin, /sbin, /usr/bin, /usr/sbin., at file: vcs/perfrun1/sdk/src/utils.cpp:204
834 [140438180865792] WARN perfrun.system <> - Could not start ContainerMapping collector, at file: vcs/perfrun1/plugins/system/src/controller.cpp:448
918 [140438180865792] INFO perfrun.vdso <> - Helper runtool '/glob/development-tools/versions/oneapi/2022.3.1/oneapi/vtune/2022.4.1/bin32/amplxe-runss -dump-vdso -r /tmp/amplxe-tmp-u177183/amplxe-res-3520450-12488225741540380 --tmp-dir /tmp/amplxe-tmp-u177183' returned 0
1067 [140438180865792] INFO perfrun.vdso <> - Helper runtool '/glob/development-tools/versions/oneapi/2022.3.1/oneapi/vtune/2022.4.1/bin64/amplxe-runss -dump-vdso -r /tmp/amplxe-tmp-u177183/amplxe-res-3520450-12488225741540380 --tmp-dir /tmp/amplxe-tmp-u177183' returned 0
1067 [140438180865792] INFO perfrun.itt <> - start itt controller for pid #3520455
1068 [140438180865792] INFO perfrun.tpss <> - start tpss controller for pid #3520455
1118 [140438194710400] INFO perfrun.launcher <> - Launcher: all plugins were started
1119 [140438194710400] INFO perfrun.launcher <> - DirectoryMonitor object was created
1119 [140438194710400] INFO perfrun.launcher <> - DirectoryMonitor: a callback was added
1119 [140438194710400] INFO perfrun.launcher <> - DirectoryMonitor was started with pingTime = 1000
1119 [140438194710400] INFO perfrun.launcher <> - DeadlineTimer is going to be constructed
1119 [140438194710400] INFO perfrun.launcher <> - DeadlineTimer: a callback was added
1127 [140438194710400] INFO perfrun.launcher <> - Launcher: resume the profiled application and  wait its termination or stop command
8571 [140438194710400] INFO perfrun.launcher <> - Launcher: the profiled application was terminated  with exit code = 0
8582 [140438180865792] INFO perfrun.itt <> - detach itt controller
8582 [140438180865792] INFO perfrun.itt <> - detach itt controller done
8582 [140438180865792] INFO perfrun.tpss <> - stop tpss controller
8583 [140438180865792] INFO perfrun.sdk <> - De-allocating TMU: /tmp/amplxe-tmp-u177183/amplxe-res-3520450-12488225741540380/data.0/systemcollector-3520450-s001-n056.sc
8583 [140438180865792] INFO perfrun.system <> - closed the system trace file: /tmp/amplxe-tmp-u177183/amplxe-res-3520450-12488225741540380/data.0/systemcollector-3520450-s001-n056.sc
8583 [140438194710400] INFO perfrun.launcher <> - Launcher: all plugins were stopped.
8583 [140438194710400] INFO perfrun.launcher <> - DeadlineTimer is going to be destroyed
8583 [140438194710400] INFO perfrun.launcher <> - DeadlineTimer was destroyed
8583 [140438194710400] INFO perfrun.launcher <> - DirectoryMonitor object was destroyed
8583 [140438194710400] WARN perfrun.launcher <> - Stop command is ignored because it is received when collection is already stopped, at file: vcs/perfrun1/launcher/src/command_handler.cpp:226
8818 [140438194710400] INFO perfrun.launcher <> - Application exit code: 0
8818 [140438194710400] INFO perfrun.launcher <> - Exit code: 0
