10 [4132167232] INFO perfrun.launcher <> - Launcher main begin
16 [4132167232] INFO perfrun.launcher <> - MessageCatalogInit finished
17 [4132167232] INFO perfrun.launcher <> - Launcher instance created
17 [4132167232] INFO perfrun.launcher <> - argc = 6; cmdline = /glob/development-tools/versions/oneapi/2022.3.1/oneapi/vtune/2022.4.1/bin32/amplxe-runss -dump-vdso -r /tmp/amplxe-tmp-u177183/amplxe-res-3520450-12488225741540380 --tmp-dir /tmp/amplxe-tmp-u177183 
34 [4132167232] INFO perfrun.launcher <> - create msngr2::ICliToolContext
34 [4132167232] INFO perfrun.launcher <> - create file finder object
40 [4131408704] INFO perfrun.launcher <> - plugin [remoteplug] was disabled because it doesn't support the given collection type.
40 [4131408704] INFO perfrun.launcher <> - plugin [] was disabled because it doesn't support the given collection type.
40 [4131408704] INFO perfrun.vdso <> - dumping [vdso] pseudomodule
42 [4131408704] INFO perfrun.launcher <> - plugin [] was disabled because it doesn't support the given collection type.
42 [4131408704] INFO perfrun.launcher <> - plugin [] was disabled because it doesn't support the given collection type.
42 [4131408704] INFO perfrun.launcher <> - plugin [] was disabled because it doesn't support the given collection type.
42 [4131408704] INFO perfrun.launcher <> - plugin [] was disabled because it doesn't support the given collection type.
42 [4131408704] INFO perfrun.launcher <> - plugin [] was disabled because it doesn't support the given collection type.
42 [4131408704] INFO perfrun.launcher <> - plugin [] was disabled because it doesn't support the given collection type.
43 [4131408704] INFO perfrun.launcher <> - plugin [] was disabled because it doesn't support the given collection type.
43 [4131408704] INFO perfrun.launcher <> - plugin [] was disabled because it doesn't support the given collection type.
43 [4131408704] INFO perfrun.launcher <> - plugin [] was disabled because it doesn't support the given collection type.
43 [4131408704] INFO perfrun.launcher <> - plugin [] was disabled because it doesn't support the given collection type.
43 [4131408704] INFO perfrun.launcher <> - plugin [] was disabled because it doesn't support the given collection type.
43 [4131408704] INFO perfrun.launcher <> - plugin [] was disabled because it doesn't support the given collection type.
43 [4131408704] INFO perfrun.launcher <> - plugin [] was disabled because it doesn't support the given collection type.
43 [4131408704] INFO perfrun.launcher <> - plugin [] was disabled because it doesn't support the given collection type.
43 [4131408704] INFO perfrun.launcher <> - plugin [] was disabled because it doesn't support the given collection type.
43 [4131408704] INFO perfrun.launcher <> - plugin [] was disabled because it doesn't support the given collection type.
43 [4131408704] INFO perfrun.launcher <> - plugin [] was disabled because it doesn't support the given collection type.
43 [4131408704] INFO perfrun.launcher <> - plugin [] was disabled because it doesn't support the given collection type.
43 [4131408704] INFO perfrun.launcher <> - plugin [] was disabled because it doesn't support the given collection type.
43 [4131408704] INFO perfrun.launcher <> - plugin [] was disabled because it doesn't support the given collection type.
43 [4131408704] INFO perfrun.launcher <> - plugin [] was disabled because it doesn't support the given collection type.
43 [4131408704] INFO perfrun.launcher <> - plugin [] was disabled because it doesn't support the given collection type.
43 [4131408704] INFO perfrun.launcher <> - plugin [] was disabled because it doesn't support the given collection type.
43 [4131408704] INFO perfrun.launcher <> - plugin [] was disabled because it doesn't support the given collection type.
43 [4132167232] INFO perfrun.launcher <> - Application exit code: 0
43 [4132167232] INFO perfrun.launcher <> - Exit code: 0
