122 [10700] INFO perfrun.launcher <> - Launcher main begin
130 [10700] INFO perfrun.launcher <> - MessageCatalogInit finished
130 [10700] INFO perfrun.launcher <> - Launcher instance created
130 [10700] INFO perfrun.launcher <> - argc = 7; cmdline = C:\Program Files (x86)\Intel\oneAPI\vtune\latest\bin64\amplxe-runss.exe --ui-output-format xml --ui-output-fd 1348 --option-file C:\Users\manorz\OneDrive - NVIDIA Corporation\Desktop\Shared-Memory Parallelism CPUs GPUs and in-between 236606\cs236606\HW1\HW1\problem5\VTune\r000ps\config\runss.options 
149 [10700] INFO perfrun.launcher <> - New signal handler callback was added
236 [10700] INFO perfrun.launcher <> - create msngr2::ICliToolContext
237 [10700] INFO perfrun.launcher <> - create file finder object
237 [10700] INFO perfrun.launcher <> - create a result directory: pattern = C:\Users\manorz\OneDrive - NVIDIA Corporation\Desktop\Shared-Memory Parallelism CPUs GPUs and in-between 236606\cs236606\HW1\HW1\problem5\VTune\r000ps pid = 4294967295
242 [10700] INFO perfrun.launcher <> - create data directory = C:\Users\manorz\OneDrive - NVIDIA Corporation\Desktop\Shared-Memory Parallelism CPUs GPUs and in-between 236606\cs236606\HW1\HW1\problem5\VTune\r000ps\data.0
245 [10700] INFO perfrun.launcher <> - Creating the master collection flag
256 [10700] INFO perfrun.launcher <> - Done creating the master collection flag
256 [860] INFO perfrun.launcher <> - plugin [remoteplug] was disabled because it doesn't support the given collection type.
256 [860] INFO perfrun.sdk <> - Allocating TMU :C:\Users\manorz\OneDrive - NVIDIA Corporation\Desktop\Shared-Memory Parallelism CPUs GPUs and in-between 236606\cs236606\HW1\HW1\problem5\VTune\r000ps\data.0\systemcollector-25184-NV-6CV77D3.sc
257 [860] INFO perfrun.launcher <> - plugin [] was disabled because it doesn't support the given collection type.
260 [860] INFO perfrun.launcher <> - plugin [] was disabled because it doesn't support the given collection type.
260 [860] INFO perfrun.launcher <> - plugin [gpu] was disabled because it doesn't support the given collection type.
260 [860] INFO perfrun.launcher <> - plugin [etw.kernel] was disabled because it doesn't support the given collection type.
260 [860] INFO perfrun.launcher <> - plugin [etw.dx] was disabled because it doesn't support the given collection type.
260 [860] INFO perfrun.launcher <> - plugin [etw.wsa] was disabled because it doesn't support the given collection type.
260 [860] INFO perfrun.mrte <> - system-wide mode is 0
260 [860] INFO perfrun.mrte <> - Getting  mrte profiling environment ...
305 [860] INFO perfrun.mrte <> - INTEL_MRTE_DATA_DIR=C:\Users\manorz\OneDrive - NVIDIA Corporation\Desktop\Shared-Memory Parallelism CPUs GPUs and in-between 236606\cs236606\HW1\HW1\problem5\VTune\r000ps\data.0
305 [860] INFO perfrun.mrte <> - INTEL_MRTE_HOST_NAME=NV-6CV77D3
305 [860] INFO perfrun.mrte <> - JAVA_TOOL_OPTIONS=-agentlib:amplxe_tpssmrte_javaprof_1.0
305 [860] INFO perfrun.mrte <> - PATH=C:\Program Files (x86)\Intel\oneAPI\vtune\latest\bin32\runtime;C:\Program Files (x86)\Intel\oneAPI\vtune\latest\bin64\runtime;C:\Program Files (x86)\Intel\oneAPI\tbb\latest\redist\intel64\vc_mt\;C:\Program Files (x86)\Intel\oneAPI\tbb\latest\redist\ia32\vc_mt\;C:\Program Files (x86)\Intel\oneAPI\compiler\latest\windows\redist\intel64_win\compiler;C:\Program Files (x86)\Intel\oneAPI\compiler\latest\windows\redist\ia32_win\compiler;C:\Windows\system32;C:\Windows;C:\Windows\System32\Wbem;C:\Windows\System32\WindowsPowerShell\v1.0\;C:\Windows\System32\OpenSSH\;C:\Program Files (x86)\Pulse Secure\VC142.CRT\X64\;C:\Program Files (x86)\Pulse Secure\VC142.CRT\X86\;C:\Program Files\PuTTY\;C:\Program Files (x86)\Common Files\Pulse Secure\TNC Client Plugin\;C:\Program Files\Git\cmd;C:\Program Files\Graphviz\bin;C:\Program Files\MATLAB\R2022b\bin;C:\Users\manorz\AppData\Local\Microsoft\WindowsApps;C:\msys64\mingw64\bin;;C:\Users\manorz\AppData\Local\Programs\Microsoft VS Code\bin
305 [860] INFO perfrun.mrte <> - COR_ENABLE_PROFILING=1
305 [860] INFO perfrun.mrte <> - COR_PROFILER={AA5E4821-E3B1-479c-B7FF-5AD047D22CED}
305 [860] INFO perfrun.mrte <> - COMPLUS_ProfAPI_ProfilerCompatibilitySetting=EnableV2Profiler
305 [860] INFO perfrun.mrte <> - CORECLR_ENABLE_PROFILING=1
305 [860] INFO perfrun.mrte <> - CORECLR_PROFILER={AA5E4821-E3B1-479c-B7FF-5AD047D22CED}
305 [860] INFO perfrun.mrte <> - CORECLR_PROFILER_PATH=C:\Program Files (x86)\Intel\oneAPI\vtune\latest\bin64/amplxe_samplingmrte_clrprof_1.0.dll
305 [860] INFO perfrun.mrte <> - INTEL_MRTE_PROFILER_MODE=mixed
305 [860] INFO perfrun.mrte <> - Data directory: C:\Users\manorz\OneDrive - NVIDIA Corporation\Desktop\Shared-Memory Parallelism CPUs GPUs and in-between 236606\cs236606\HW1\HW1\problem5\VTune\r000ps\data.0
305 [860] INFO perfrun.mrte <> - Mrte plugin is initialized
305 [860] INFO perfrun.launcher <> - plugin [emon] was disabled because it doesn't support the given collection type.
305 [860] INFO perfrun.launcher <> - plugin [cuscol] was disabled because it doesn't support the given collection type.
305 [860] INFO perfrun.launcher <> - plugin [stdsrc] was disabled because it doesn't support the given collection type.
305 [860] INFO perfrun.launcher <> - plugin [sep] was disabled because it doesn't support the given collection type.
305 [860] INFO perfrun.launcher <> - plugin [vtsspp] was disabled because it doesn't support the given collection type.
305 [860] INFO perfrun.launcher <> - plugin [] was disabled because it doesn't support the given collection type.
305 [860] INFO perfrun.launcher <> - plugin [aoclprofile] was disabled because it doesn't support the given collection type.
305 [860] INFO perfrun.tpss <> - initialize tpss controller
305 [860] INFO perfrun.tpss <> - configure collection mode: value = cpu:counters:nostack
306 [860] INFO perfrun.tpss <> - configure collection mode: value = cpu:nostack
306 [860] INFO perfrun.tpss <> - default obj-size-min=1024
306 [860] INFO perfrun.tpss <> - default hash-table-size=0
306 [860] INFO perfrun.launcher <> - plugin [] was disabled because it doesn't support the given collection type.
306 [860] INFO perfrun.launcher <> - plugin [] was disabled because it doesn't support the given collection type.
306 [860] INFO perfrun.launcher <> - plugin [] was disabled because it doesn't support the given collection type.
306 [860] INFO perfrun.launcher <> - plugin [] was disabled because it doesn't support the given collection type.
306 [860] INFO perfrun.launcher <> - plugin [power] was disabled because it doesn't support the given collection type.
306 [860] INFO perfrun.launcher <> - plugin [hwloc] was disabled because it doesn't support the given collection type.
306 [860] INFO perfrun.launcher <> - plugin [ipmwatch] was disabled because it doesn't support the given collection type.
306 [860] INFO perfrun.launcher <> - plugin [os_counters] was disabled because it doesn't support the given collection type.
306 [860] INFO perfrun.launcher <> - plugin [l0_metrics] was disabled because it doesn't support the given collection type.
306 [10700] INFO perfrun.launcher <> - set environment variable: PATH = C:\Program Files (x86)\Intel\oneAPI\vtune\latest\bin32\runtime;C:\Program Files (x86)\Intel\oneAPI\vtune\latest\bin64\runtime;C:\Program Files (x86)\Intel\oneAPI\tbb\latest\redist\intel64\vc_mt\;C:\Program Files (x86)\Intel\oneAPI\tbb\latest\redist\ia32\vc_mt\;C:\Program Files (x86)\Intel\oneAPI\compiler\latest\windows\redist\intel64_win\compiler;C:\Program Files (x86)\Intel\oneAPI\compiler\latest\windows\redist\ia32_win\compiler;C:\Windows\system32;C:\Windows;C:\Windows\System32\Wbem;C:\Windows\System32\WindowsPowerShell\v1.0\;C:\Windows\System32\OpenSSH\;C:\Program Files (x86)\Pulse Secure\VC142.CRT\X64\;C:\Program Files (x86)\Pulse Secure\VC142.CRT\X86\;C:\Program Files\PuTTY\;C:\Program Files (x86)\Common Files\Pulse Secure\TNC Client Plugin\;C:\Program Files\Git\cmd;C:\Program Files\Graphviz\bin;C:\Program Files\MATLAB\R2022b\bin;C:\Users\manorz\AppData\Local\Microsoft\WindowsApps;C:\msys64\mingw64\bin;;C:\Users\manorz\AppData\Local\Programs\Microsoft VS Code\bin
307 [10700] INFO perfrun.launcher <> - set environment variable: INTEL_LIBITTNOTIFY32 = C:\Program Files (x86)\Intel\oneAPI\vtune\latest\bin32\runtime\ittnotify_collector.dll
307 [10700] INFO perfrun.launcher <> - set environment variable: INTEL_LIBITTNOTIFY64 = C:\Program Files (x86)\Intel\oneAPI\vtune\latest\bin64\runtime\ittnotify_collector.dll
307 [10700] INFO perfrun.launcher <> - set environment variable: INTEL_ITTNOTIFY_GROUPS = 
308 [10700] INFO perfrun.launcher <> - set environment variable: INTEL_JIT_PROFILER32 = C:\Program Files (x86)\Intel\oneAPI\vtune\latest\bin32\runtime\ittnotify_collector.dll
308 [10700] INFO perfrun.launcher <> - set environment variable: INTEL_JIT_PROFILER64 = C:\Program Files (x86)\Intel\oneAPI\vtune\latest\bin64\runtime\ittnotify_collector.dll
308 [10700] INFO perfrun.launcher <> - set environment variable: OMP_TOOL_LIBRARIES = C:\Program Files (x86)\Intel\oneAPI\vtune\latest\bin32\runtime\ittnotify_collector.dll;C:\Program Files (x86)\Intel\oneAPI\vtune\latest\bin64\runtime\ittnotify_collector.dll
308 [10700] INFO perfrun.launcher <> - set environment variable: ENABLE_JITPROFILING = 1
308 [10700] INFO perfrun.launcher <> - set environment variable: CL_CONFIG_USE_VTUNE = True
308 [10700] INFO perfrun.launcher <> - set environment variable: KMP_FORKJOIN_FRAMES = 0
309 [10700] INFO perfrun.launcher <> - set environment variable: KMP_FORKJOIN_FRAMES_MODE = 0
309 [10700] INFO perfrun.launcher <> - set environment variable: OMP_TOOL = disabled
309 [10700] INFO perfrun.launcher <> - set environment variable: INTEL_MRTE_DATA_DIR = C:\Users\manorz\OneDrive - NVIDIA Corporation\Desktop\Shared-Memory Parallelism CPUs GPUs and in-between 236606\cs236606\HW1\HW1\problem5\VTune\r000ps\data.0
309 [10700] INFO perfrun.launcher <> - set environment variable: INTEL_MRTE_HOST_NAME = NV-6CV77D3
309 [10700] INFO perfrun.launcher <> - set environment variable: JAVA_TOOL_OPTIONS = -agentlib:amplxe_tpssmrte_javaprof_1.0
309 [10700] INFO perfrun.launcher <> - set environment variable: PATH = C:\Program Files (x86)\Intel\oneAPI\vtune\latest\bin32\runtime;C:\Program Files (x86)\Intel\oneAPI\vtune\latest\bin64\runtime;C:\Program Files (x86)\Intel\oneAPI\tbb\latest\redist\intel64\vc_mt\;C:\Program Files (x86)\Intel\oneAPI\tbb\latest\redist\ia32\vc_mt\;C:\Program Files (x86)\Intel\oneAPI\compiler\latest\windows\redist\intel64_win\compiler;C:\Program Files (x86)\Intel\oneAPI\compiler\latest\windows\redist\ia32_win\compiler;C:\Windows\system32;C:\Windows;C:\Windows\System32\Wbem;C:\Windows\System32\WindowsPowerShell\v1.0\;C:\Windows\System32\OpenSSH\;C:\Program Files (x86)\Pulse Secure\VC142.CRT\X64\;C:\Program Files (x86)\Pulse Secure\VC142.CRT\X86\;C:\Program Files\PuTTY\;C:\Program Files (x86)\Common Files\Pulse Secure\TNC Client Plugin\;C:\Program Files\Git\cmd;C:\Program Files\Graphviz\bin;C:\Program Files\MATLAB\R2022b\bin;C:\Users\manorz\AppData\Local\Microsoft\WindowsApps;C:\msys64\mingw64\bin;;C:\Users\manorz\AppData\Local\Programs\Microsoft VS Code\bin
309 [10700] INFO perfrun.launcher <> - set environment variable: COR_ENABLE_PROFILING = 1
309 [10700] INFO perfrun.launcher <> - set environment variable: COR_PROFILER = {AA5E4821-E3B1-479c-B7FF-5AD047D22CED}
309 [10700] INFO perfrun.launcher <> - set environment variable: COMPLUS_ProfAPI_ProfilerCompatibilitySetting = EnableV2Profiler
309 [10700] INFO perfrun.launcher <> - set environment variable: CORECLR_ENABLE_PROFILING = 1
309 [10700] INFO perfrun.launcher <> - set environment variable: CORECLR_PROFILER = {AA5E4821-E3B1-479c-B7FF-5AD047D22CED}
309 [10700] INFO perfrun.launcher <> - set environment variable: CORECLR_PROFILER_PATH = C:\Program Files (x86)\Intel\oneAPI\vtune\latest\bin64/amplxe_samplingmrte_clrprof_1.0.dll
309 [10700] INFO perfrun.launcher <> - set environment variable: INTEL_MRTE_PROFILER_MODE = mixed
310 [10700] INFO perfrun.launcher <> - RpcServer: run RPC server to handle requests
345 [10700] INFO perfrun.sdk <> - IProcessUtil: the given executable 'C:\Users\manorz\OneDrive - NVIDIA Corporation\Desktop\Shared-Memory Parallelism CPUs GPUs and in-between 236606\cs236606\HW1\HW1\problem5\bin\prime_parallel_static_schedule_04t.exe' is valid.
346 [10700] INFO perfrun.launcher <> - Launcher: command line to start before modification = C:\Users\manorz\OneDrive - NVIDIA Corporation\Desktop\Shared-Memory Parallelism CPUs GPUs and in-between 236606\cs236606\HW1\HW1\problem5\bin\prime_parallel_static_schedule_04t.exe
348 [10700] INFO perfrun.launcher <> - Launcher: command line to start after modification = C:\Program Files (x86)\Intel\oneAPI\vtune\2022.4.1\bin64\pin.exe -error_file C:\Users\manorz\OneDrive - NVIDIA Corporation\Desktop\Shared-Memory Parallelism CPUs GPUs and in-between 236606\cs236606\HW1\HW1\problem5\VTune\r000ps\data.0\pinerr.tpsslog -detach_reattach -probe -follow_execv -p32 C:\Program Files (x86)\Intel\oneAPI\vtune\latest\bin32\pin.exe -p64 C:\Program Files (x86)\Intel\oneAPI\vtune\latest\bin64\pin.exe -t64 C:\Program Files (x86)\Intel\oneAPI\vtune\latest\bin64\tpsstool.dll -t C:\Program Files (x86)\Intel\oneAPI\vtune\latest\bin32\tpsstool.dll -server_name tpss_ipc.25184 -prd_dir C:\Program Files (x86)\Intel\oneAPI\vtune\2022.4.1 -- C:\Users\manorz\OneDrive - NVIDIA Corporation\Desktop\Shared-Memory Parallelism CPUs GPUs and in-between 236606\cs236606\HW1\HW1\problem5\bin\prime_parallel_static_schedule_04t.exe
348 [10700] INFO perfrun.launcher <> - ProcessCreator object was created
359 [10700] INFO perfrun.launcher <> - Launcher: the process was started in suspend mode
359 [860] INFO perfrun.itt <> - start itt controller for pid #22500
361 [860] INFO perfrun.tpss <> - start tpss controller for pid #22500
427 [10700] INFO perfrun.launcher <> - Launcher: all plugins were started
427 [10700] INFO perfrun.launcher <> - DirectoryMonitor object was created
428 [10700] INFO perfrun.launcher <> - DirectoryMonitor: a callback was added
428 [10700] INFO perfrun.launcher <> - DirectoryMonitor was started with pingTime = 1000
428 [10700] INFO perfrun.launcher <> - DeadlineTimer is going to be constructed
428 [10700] INFO perfrun.launcher <> - DeadlineTimer: a callback was added
442 [10700] INFO perfrun.launcher <> - Launcher: resume the profiled application and  wait its termination or stop command
50659 [10700] INFO perfrun.launcher <> - Launcher: the profiled application was terminated  with exit code = 0
50671 [860] INFO perfrun.itt <> - detach itt controller
50671 [860] INFO perfrun.itt <> - detach itt controller done
50671 [860] INFO perfrun.tpss <> - stop tpss controller
50672 [860] INFO perfrun.sdk <> - De-allocating TMU: C:\Users\manorz\OneDrive - NVIDIA Corporation\Desktop\Shared-Memory Parallelism CPUs GPUs and in-between 236606\cs236606\HW1\HW1\problem5\VTune\r000ps\data.0\systemcollector-25184-NV-6CV77D3.sc
50687 [860] INFO perfrun.system <> - closed the system trace file: C:\Users\manorz\OneDrive - NVIDIA Corporation\Desktop\Shared-Memory Parallelism CPUs GPUs and in-between 236606\cs236606\HW1\HW1\problem5\VTune\r000ps\data.0\systemcollector-25184-NV-6CV77D3.sc
50687 [10700] INFO perfrun.launcher <> - Launcher: all plugins were stopped.
50687 [10700] INFO perfrun.launcher <> - DeadlineTimer is going to be destroyed
50688 [10700] INFO perfrun.launcher <> - DeadlineTimer was destroyed
50688 [10700] INFO perfrun.launcher <> - DirectoryMonitor object was destroyed
50688 [10700] WARN perfrun.launcher <> - Stop command is ignored because it is received when collection is already stopped, at file: C:\BB\ANphep2w6r\b\tmpqbc4_m\vcs\perfrun1\launcher\src\command_handler.cpp:226
50689 [10700] INFO perfrun.launcher <> - Application exit code: 0
50689 [10700] INFO perfrun.launcher <> - Exit code: 0
